This is pdfTeX, Version 3.1415926-2.5-1.40.14 (TeX Live 2013/Debian) (format=pdflatex 2016.3.10)  29 MAR 2019 21:41
entering extended mode
 restricted \write18 enabled.
 %&-line parsing enabled.
**artigo-ieee.tex
(./artigo-ieee.tex
LaTeX2e <2011/06/27>
Babel <3.9h> and hyphenation patterns for 78 languages loaded.
(./IEEEtran.cls
Document Class: IEEEtran 2012/12/27 V1.8 by Michael Shell
-- See the "IEEEtran_HOWTO" manual for usage information.
-- http://www.michaelshell.org/tex/ieeetran/
\@IEEEtrantmpdimenA=\dimen102
\@IEEEtrantmpdimenB=\dimen103
\@IEEEtrantmpcountA=\count79
\@IEEEtrantmpcountB=\count80
\@IEEEtrantmptoksA=\toks14
LaTeX Font Info:    Try loading font information for OT1+ptm on input line 368.

(/usr/share/texlive/texmf-dist/tex/latex/psnfss/ot1ptm.fd
File: ot1ptm.fd 2001/06/04 font definitions for OT1/ptm.
)
-- Using 8.5in x 11in (letter) paper.
-- Using PDF output.
\@IEEEnormalsizeunitybaselineskip=\dimen104
-- This is a 10 point document.
\CLASSINFOnormalsizebaselineskip=\dimen105
\CLASSINFOnormalsizeunitybaselineskip=\dimen106
\IEEEnormaljot=\dimen107
LaTeX Font Info:    Font shape `OT1/ptm/bx/n' in size <5> not available
(Font)              Font shape `OT1/ptm/b/n' tried instead on input line 726.
LaTeX Font Info:    Font shape `OT1/ptm/bx/it' in size <5> not available
(Font)              Font shape `OT1/ptm/b/it' tried instead on input line 726.
LaTeX Font Info:    Font shape `OT1/ptm/bx/n' in size <7> not available
(Font)              Font shape `OT1/ptm/b/n' tried instead on input line 726.
LaTeX Font Info:    Font shape `OT1/ptm/bx/it' in size <7> not available
(Font)              Font shape `OT1/ptm/b/it' tried instead on input line 726.
LaTeX Font Info:    Font shape `OT1/ptm/bx/n' in size <8> not available
(Font)              Font shape `OT1/ptm/b/n' tried instead on input line 726.
LaTeX Font Info:    Font shape `OT1/ptm/bx/it' in size <8> not available
(Font)              Font shape `OT1/ptm/b/it' tried instead on input line 726.
LaTeX Font Info:    Font shape `OT1/ptm/bx/n' in size <9> not available
(Font)              Font shape `OT1/ptm/b/n' tried instead on input line 726.
LaTeX Font Info:    Font shape `OT1/ptm/bx/it' in size <9> not available
(Font)              Font shape `OT1/ptm/b/it' tried instead on input line 726.
LaTeX Font Info:    Font shape `OT1/ptm/bx/n' in size <10> not available
(Font)              Font shape `OT1/ptm/b/n' tried instead on input line 726.
LaTeX Font Info:    Font shape `OT1/ptm/bx/it' in size <10> not available
(Font)              Font shape `OT1/ptm/b/it' tried instead on input line 726.
LaTeX Font Info:    Font shape `OT1/ptm/bx/n' in size <11> not available
(Font)              Font shape `OT1/ptm/b/n' tried instead on input line 726.
LaTeX Font Info:    Font shape `OT1/ptm/bx/it' in size <11> not available
(Font)              Font shape `OT1/ptm/b/it' tried instead on input line 726.
LaTeX Font Info:    Font shape `OT1/ptm/bx/n' in size <12> not available
(Font)              Font shape `OT1/ptm/b/n' tried instead on input line 726.
LaTeX Font Info:    Font shape `OT1/ptm/bx/it' in size <12> not available
(Font)              Font shape `OT1/ptm/b/it' tried instead on input line 726.
LaTeX Font Info:    Font shape `OT1/ptm/bx/n' in size <17> not available
(Font)              Font shape `OT1/ptm/b/n' tried instead on input line 726.
LaTeX Font Info:    Font shape `OT1/ptm/bx/it' in size <17> not available
(Font)              Font shape `OT1/ptm/b/it' tried instead on input line 726.
LaTeX Font Info:    Font shape `OT1/ptm/bx/n' in size <20> not available
(Font)              Font shape `OT1/ptm/b/n' tried instead on input line 726.
LaTeX Font Info:    Font shape `OT1/ptm/bx/it' in size <20> not available
(Font)              Font shape `OT1/ptm/b/it' tried instead on input line 726.
LaTeX Font Info:    Font shape `OT1/ptm/bx/n' in size <24> not available
(Font)              Font shape `OT1/ptm/b/n' tried instead on input line 726.
LaTeX Font Info:    Font shape `OT1/ptm/bx/it' in size <24> not available
(Font)              Font shape `OT1/ptm/b/it' tried instead on input line 726.
\IEEEilabelindentA=\dimen108
\IEEEilabelindentB=\dimen109
\IEEEilabelindent=\dimen110
\IEEEelabelindent=\dimen111
\IEEEdlabelindent=\dimen112
\IEEElabelindent=\dimen113
\IEEEiednormlabelsep=\dimen114
\IEEEiedmathlabelsep=\dimen115
\IEEEiedtopsep=\skip41
\c@section=\count81
\c@subsection=\count82
\c@subsubsection=\count83
\c@paragraph=\count84
\c@IEEEsubequation=\count85
\abovecaptionskip=\skip42
\belowcaptionskip=\skip43
\c@figure=\count86
\c@table=\count87
\@IEEEeqnnumcols=\count88
\@IEEEeqncolcnt=\count89
\@IEEEsubeqnnumrollback=\count90
\@IEEEtmpitemindent=\dimen116
\c@IEEEbiography=\count91
\@IEEEtranrubishbin=\box26
) (/usr/share/texlive/texmf-dist/tex/latex/base/inputenc.sty
Package: inputenc 2008/03/30 v1.1d Input encoding file
\inpenc@prehook=\toks15
\inpenc@posthook=\toks16

(/usr/share/texlive/texmf-dist/tex/latex/base/utf8.def
File: utf8.def 2008/04/05 v1.1m UTF-8 support for inputenc
Now handling font encoding OML ...
... no UTF-8 mapping file for font encoding OML
Now handling font encoding T1 ...
... processing UTF-8 mapping file for font encoding T1

(/usr/share/texlive/texmf-dist/tex/latex/base/t1enc.dfu
File: t1enc.dfu 2008/04/05 v1.1m UTF-8 support for inputenc
   defining Unicode char U+00A1 (decimal 161)
   defining Unicode char U+00A3 (decimal 163)
   defining Unicode char U+00AB (decimal 171)
   defining Unicode char U+00BB (decimal 187)
   defining Unicode char U+00BF (decimal 191)
   defining Unicode char U+00C0 (decimal 192)
   defining Unicode char U+00C1 (decimal 193)
   defining Unicode char U+00C2 (decimal 194)
   defining Unicode char U+00C3 (decimal 195)
   defining Unicode char U+00C4 (decimal 196)
   defining Unicode char U+00C5 (decimal 197)
   defining Unicode char U+00C6 (decimal 198)
   defining Unicode char U+00C7 (decimal 199)
   defining Unicode char U+00C8 (decimal 200)
   defining Unicode char U+00C9 (decimal 201)
   defining Unicode char U+00CA (decimal 202)
   defining Unicode char U+00CB (decimal 203)
   defining Unicode char U+00CC (decimal 204)
   defining Unicode char U+00CD (decimal 205)
   defining Unicode char U+00CE (decimal 206)
   defining Unicode char U+00CF (decimal 207)
   defining Unicode char U+00D0 (decimal 208)
   defining Unicode char U+00D1 (decimal 209)
   defining Unicode char U+00D2 (decimal 210)
   defining Unicode char U+00D3 (decimal 211)
   defining Unicode char U+00D4 (decimal 212)
   defining Unicode char U+00D5 (decimal 213)
   defining Unicode char U+00D6 (decimal 214)
   defining Unicode char U+00D8 (decimal 216)
   defining Unicode char U+00D9 (decimal 217)
   defining Unicode char U+00DA (decimal 218)
   defining Unicode char U+00DB (decimal 219)
   defining Unicode char U+00DC (decimal 220)
   defining Unicode char U+00DD (decimal 221)
   defining Unicode char U+00DE (decimal 222)
   defining Unicode char U+00DF (decimal 223)
   defining Unicode char U+00E0 (decimal 224)
   defining Unicode char U+00E1 (decimal 225)
   defining Unicode char U+00E2 (decimal 226)
   defining Unicode char U+00E3 (decimal 227)
   defining Unicode char U+00E4 (decimal 228)
   defining Unicode char U+00E5 (decimal 229)
   defining Unicode char U+00E6 (decimal 230)
   defining Unicode char U+00E7 (decimal 231)
   defining Unicode char U+00E8 (decimal 232)
   defining Unicode char U+00E9 (decimal 233)
   defining Unicode char U+00EA (decimal 234)
   defining Unicode char U+00EB (decimal 235)
   defining Unicode char U+00EC (decimal 236)
   defining Unicode char U+00ED (decimal 237)
   defining Unicode char U+00EE (decimal 238)
   defining Unicode char U+00EF (decimal 239)
   defining Unicode char U+00F0 (decimal 240)
   defining Unicode char U+00F1 (decimal 241)
   defining Unicode char U+00F2 (decimal 242)
   defining Unicode char U+00F3 (decimal 243)
   defining Unicode char U+00F4 (decimal 244)
   defining Unicode char U+00F5 (decimal 245)
   defining Unicode char U+00F6 (decimal 246)
   defining Unicode char U+00F8 (decimal 248)
   defining Unicode char U+00F9 (decimal 249)
   defining Unicode char U+00FA (decimal 250)
   defining Unicode char U+00FB (decimal 251)
   defining Unicode char U+00FC (decimal 252)
   defining Unicode char U+00FD (decimal 253)
   defining Unicode char U+00FE (decimal 254)
   defining Unicode char U+00FF (decimal 255)
   defining Unicode char U+0102 (decimal 258)
   defining Unicode char U+0103 (decimal 259)
   defining Unicode char U+0104 (decimal 260)
   defining Unicode char U+0105 (decimal 261)
   defining Unicode char U+0106 (decimal 262)
   defining Unicode char U+0107 (decimal 263)
   defining Unicode char U+010C (decimal 268)
   defining Unicode char U+010D (decimal 269)
   defining Unicode char U+010E (decimal 270)
   defining Unicode char U+010F (decimal 271)
   defining Unicode char U+0110 (decimal 272)
   defining Unicode char U+0111 (decimal 273)
   defining Unicode char U+0118 (decimal 280)
   defining Unicode char U+0119 (decimal 281)
   defining Unicode char U+011A (decimal 282)
   defining Unicode char U+011B (decimal 283)
   defining Unicode char U+011E (decimal 286)
   defining Unicode char U+011F (decimal 287)
   defining Unicode char U+0130 (decimal 304)
   defining Unicode char U+0131 (decimal 305)
   defining Unicode char U+0132 (decimal 306)
   defining Unicode char U+0133 (decimal 307)
   defining Unicode char U+0139 (decimal 313)
   defining Unicode char U+013A (decimal 314)
   defining Unicode char U+013D (decimal 317)
   defining Unicode char U+013E (decimal 318)
   defining Unicode char U+0141 (decimal 321)
   defining Unicode char U+0142 (decimal 322)
   defining Unicode char U+0143 (decimal 323)
   defining Unicode char U+0144 (decimal 324)
   defining Unicode char U+0147 (decimal 327)
   defining Unicode char U+0148 (decimal 328)
   defining Unicode char U+014A (decimal 330)
   defining Unicode char U+014B (decimal 331)
   defining Unicode char U+0150 (decimal 336)
   defining Unicode char U+0151 (decimal 337)
   defining Unicode char U+0152 (decimal 338)
   defining Unicode char U+0153 (decimal 339)
   defining Unicode char U+0154 (decimal 340)
   defining Unicode char U+0155 (decimal 341)
   defining Unicode char U+0158 (decimal 344)
   defining Unicode char U+0159 (decimal 345)
   defining Unicode char U+015A (decimal 346)
   defining Unicode char U+015B (decimal 347)
   defining Unicode char U+015E (decimal 350)
   defining Unicode char U+015F (decimal 351)
   defining Unicode char U+0160 (decimal 352)
   defining Unicode char U+0161 (decimal 353)
   defining Unicode char U+0162 (decimal 354)
   defining Unicode char U+0163 (decimal 355)
   defining Unicode char U+0164 (decimal 356)
   defining Unicode char U+0165 (decimal 357)
   defining Unicode char U+016E (decimal 366)
   defining Unicode char U+016F (decimal 367)
   defining Unicode char U+0170 (decimal 368)
   defining Unicode char U+0171 (decimal 369)
   defining Unicode char U+0178 (decimal 376)
   defining Unicode char U+0179 (decimal 377)
   defining Unicode char U+017A (decimal 378)
   defining Unicode char U+017B (decimal 379)
   defining Unicode char U+017C (decimal 380)
   defining Unicode char U+017D (decimal 381)
   defining Unicode char U+017E (decimal 382)
   defining Unicode char U+200C (decimal 8204)
   defining Unicode char U+2013 (decimal 8211)
   defining Unicode char U+2014 (decimal 8212)
   defining Unicode char U+2018 (decimal 8216)
   defining Unicode char U+2019 (decimal 8217)
   defining Unicode char U+201A (decimal 8218)
   defining Unicode char U+201C (decimal 8220)
   defining Unicode char U+201D (decimal 8221)
   defining Unicode char U+201E (decimal 8222)
   defining Unicode char U+2030 (decimal 8240)
   defining Unicode char U+2031 (decimal 8241)
   defining Unicode char U+2039 (decimal 8249)
   defining Unicode char U+203A (decimal 8250)
   defining Unicode char U+2423 (decimal 9251)
)
Now handling font encoding OT1 ...
... processing UTF-8 mapping file for font encoding OT1

(/usr/share/texlive/texmf-dist/tex/latex/base/ot1enc.dfu
File: ot1enc.dfu 2008/04/05 v1.1m UTF-8 support for inputenc
   defining Unicode char U+00A1 (decimal 161)
   defining Unicode char U+00A3 (decimal 163)
   defining Unicode char U+00B8 (decimal 184)
   defining Unicode char U+00BF (decimal 191)
   defining Unicode char U+00C5 (decimal 197)
   defining Unicode char U+00C6 (decimal 198)
   defining Unicode char U+00D8 (decimal 216)
   defining Unicode char U+00DF (decimal 223)
   defining Unicode char U+00E6 (decimal 230)
   defining Unicode char U+00EC (decimal 236)
   defining Unicode char U+00ED (decimal 237)
   defining Unicode char U+00EE (decimal 238)
   defining Unicode char U+00EF (decimal 239)
   defining Unicode char U+00F8 (decimal 248)
   defining Unicode char U+0131 (decimal 305)
   defining Unicode char U+0141 (decimal 321)
   defining Unicode char U+0142 (decimal 322)
   defining Unicode char U+0152 (decimal 338)
   defining Unicode char U+0153 (decimal 339)
   defining Unicode char U+2013 (decimal 8211)
   defining Unicode char U+2014 (decimal 8212)
   defining Unicode char U+2018 (decimal 8216)
   defining Unicode char U+2019 (decimal 8217)
   defining Unicode char U+201C (decimal 8220)
   defining Unicode char U+201D (decimal 8221)
)
Now handling font encoding OMS ...
... processing UTF-8 mapping file for font encoding OMS

(/usr/share/texlive/texmf-dist/tex/latex/base/omsenc.dfu
File: omsenc.dfu 2008/04/05 v1.1m UTF-8 support for inputenc
   defining Unicode char U+00A7 (decimal 167)
   defining Unicode char U+00B6 (decimal 182)
   defining Unicode char U+00B7 (decimal 183)
   defining Unicode char U+2020 (decimal 8224)
   defining Unicode char U+2021 (decimal 8225)
   defining Unicode char U+2022 (decimal 8226)
)
Now handling font encoding OMX ...
... no UTF-8 mapping file for font encoding OMX
Now handling font encoding U ...
... no UTF-8 mapping file for font encoding U
   defining Unicode char U+00A9 (decimal 169)
   defining Unicode char U+00AA (decimal 170)
   defining Unicode char U+00AE (decimal 174)
   defining Unicode char U+00BA (decimal 186)
   defining Unicode char U+02C6 (decimal 710)
   defining Unicode char U+02DC (decimal 732)
   defining Unicode char U+200C (decimal 8204)
   defining Unicode char U+2026 (decimal 8230)
   defining Unicode char U+2122 (decimal 8482)
   defining Unicode char U+2423 (decimal 9251)
))
(/usr/share/texlive/texmf-dist/tex/generic/babel/babel.sty
Package: babel 2013/12/03 3.9h The Babel package

(/usr/share/texlive/texmf-dist/tex/generic/babel-english/english.ldf
Language: english 2012/08/20 v3.3p English support from the babel system

(/usr/share/texlive/texmf-dist/tex/generic/babel/babel.def
File: babel.def 2013/12/03 3.9h Babel common definitions
\babel@savecnt=\count92
\U@D=\dimen117
)
\l@canadian = a dialect from \language\l@american 
\l@australian = a dialect from \language\l@british 
\l@newzealand = a dialect from \language\l@british 
))
(/usr/share/texlive/texmf-dist/tex/latex/multirow/multirow.sty
\bigstrutjot=\dimen118
)
(/usr/share/texlive/texmf-dist/tex/latex/adjustbox/adjustbox.sty
Package: adjustbox 2012/05/21 v1.0 Adjusting TeX boxes (trim, clip, ...)

(/usr/share/texlive/texmf-dist/tex/latex/xkeyval/xkeyval.sty
Package: xkeyval 2012/10/14 v2.6b package option processing (HA)

(/usr/share/texlive/texmf-dist/tex/generic/xkeyval/xkeyval.tex
\XKV@toks=\toks17
\XKV@tempa@toks=\toks18
\XKV@depth=\count93
File: xkeyval.tex 2012/10/14 v2.6b key=value parser (HA)

(/usr/share/texlive/texmf-dist/tex/generic/xkeyval/keyval.tex)))
(/usr/share/texlive/texmf-dist/tex/latex/adjustbox/adjcalc.sty
Package: adjcalc 2012/05/16 v1.1 Provides advanced setlength with multiple back
-ends (calc, etex, pgfmath)
)
(/usr/share/texlive/texmf-dist/tex/latex/adjustbox/trimclip.sty
Package: trimclip 2012/05/16 v1.0 Trim and clip general TeX material

(/usr/share/texlive/texmf-dist/tex/latex/graphics/graphicx.sty
Package: graphicx 1999/02/16 v1.0f Enhanced LaTeX Graphics (DPC,SPQR)

(/usr/share/texlive/texmf-dist/tex/latex/graphics/graphics.sty
Package: graphics 2009/02/05 v1.0o Standard LaTeX Graphics (DPC,SPQR)

(/usr/share/texlive/texmf-dist/tex/latex/graphics/trig.sty
Package: trig 1999/03/16 v1.09 sin cos tan (DPC)
)
(/usr/share/texlive/texmf-dist/tex/latex/latexconfig/graphics.cfg
File: graphics.cfg 2010/04/23 v1.9 graphics configuration of TeX Live
)
Package graphics Info: Driver file: pdftex.def on input line 91.

(/usr/share/texlive/texmf-dist/tex/latex/pdftex-def/pdftex.def
File: pdftex.def 2011/05/27 v0.06d Graphics/color for pdfTeX

(/usr/share/texlive/texmf-dist/tex/generic/oberdiek/infwarerr.sty
Package: infwarerr 2010/04/08 v1.3 Providing info/warning/error messages (HO)
)
(/usr/share/texlive/texmf-dist/tex/generic/oberdiek/ltxcmds.sty
Package: ltxcmds 2011/11/09 v1.22 LaTeX kernel commands for general use (HO)
)
\Gread@gobject=\count94
))
\Gin@req@height=\dimen119
\Gin@req@width=\dimen120
)
(/usr/share/texlive/texmf-dist/tex/latex/collectbox/collectbox.sty
Package: collectbox 2012/05/17 v0.4b Collect macro arguments as boxes
\collectedbox=\box27
)
\tc@llx=\dimen121
\tc@lly=\dimen122
\tc@urx=\dimen123
\tc@ury=\dimen124
Package trimclip Info: Using driver 'tc-pdftex.def'.

(/usr/share/texlive/texmf-dist/tex/latex/adjustbox/tc-pdftex.def
File: tc-pdftex.def 2012/05/13 v1.0 Clipping driver for pdftex
))
\adjbox@Width=\dimen125
\adjbox@Height=\dimen126
\adjbox@Depth=\dimen127
\adjbox@Totalheight=\dimen128

(/usr/share/texlive/texmf-dist/tex/latex/ifoddpage/ifoddpage.sty
Package: ifoddpage 2011/09/13 v1.0 Conditionals for odd/even page detection
\c@checkoddpage=\count95
)
(/usr/share/texlive/texmf-dist/tex/latex/varwidth/varwidth.sty
Package: varwidth 2009/03/30 ver 0.92;  Variable-width minipages
\@vwid@box=\box28
\sift@deathcycles=\count96
\@vwid@loff=\dimen129
\@vwid@roff=\dimen130
))
(/usr/share/texlive/texmf-dist/tex/latex/tools/multicol.sty
Package: multicol 2011/06/27 v1.7a multicolumn formatting (FMi)
\c@tracingmulticols=\count97
\mult@box=\box29
\multicol@leftmargin=\dimen131
\c@unbalance=\count98
\c@collectmore=\count99
\doublecol@number=\count100
\multicoltolerance=\count101
\multicolpretolerance=\count102
\full@width=\dimen132
\page@free=\dimen133
\premulticols=\dimen134
\postmulticols=\dimen135
\multicolsep=\skip44
\multicolbaselineskip=\skip45
\partial@page=\box30
\last@line=\box31
\mult@rightbox=\box32
\mult@grightbox=\box33
\mult@gfirstbox=\box34
\mult@firstbox=\box35
\@tempa=\box36
\@tempa=\box37
\@tempa=\box38
\@tempa=\box39
\@tempa=\box40
\@tempa=\box41
\@tempa=\box42
\@tempa=\box43
\@tempa=\box44
\@tempa=\box45
\@tempa=\box46
\@tempa=\box47
\@tempa=\box48
\@tempa=\box49
\@tempa=\box50
\@tempa=\box51
\@tempa=\box52
\c@columnbadness=\count103
\c@finalcolumnbadness=\count104
\last@try=\dimen136
\multicolovershoot=\dimen137
\multicolundershoot=\dimen138
\mult@nat@firstbox=\box53
\colbreak@box=\box54
\multicol@sort@counter=\count105
)
(/usr/share/texlive/texmf-dist/tex/latex/url/url.sty
\Urlmuskip=\muskip10
Package: url 2013/09/16  ver 3.4  Verb mode for urls, etc.
)
(/usr/share/texlive/texmf-dist/tex/latex/enumitem/enumitem.sty
Package: enumitem 2011/09/28 v3.5.2 Customized lists
\enitkv@toks@=\toks19
\labelindent=\skip46
\enit@outerparindent=\dimen139
\enit@toks=\toks20
\enit@inbox=\box55
\enitdp@description=\count106
)
(/usr/share/texlive/texmf-dist/tex/latex/comment/comment.sty
\CommentStream=\write3

Excluding comment 'comment')
(/usr/share/texlive/texmf-dist/tex/latex/tools/array.sty
Package: array 2008/09/09 v2.4c Tabular extension package (FMi)
\col@sep=\dimen140
\extrarowheight=\dimen141
\NC@list=\toks21
\extratabsurround=\skip47
\backup@length=\skip48
)
(/usr/share/texlive/texmf-dist/tex/latex/float/float.sty
Package: float 2001/11/08 v1.3d Float enhancements (AL)
\c@float@type=\count107
\float@exts=\toks22
\float@box=\box56
\@float@everytoks=\toks23
\@floatcapt=\box57
)
(/usr/share/texmf/tex/latex/xcolor/xcolor.sty
Package: xcolor 2007/01/21 v2.11 LaTeX color extensions (UK)

(/usr/share/texlive/texmf-dist/tex/latex/latexconfig/color.cfg
File: color.cfg 2007/01/18 v1.5 color configuration of teTeX/TeXLive
)
Package xcolor Info: Driver file: pdftex.def on input line 225.
Package xcolor Info: Model `cmy' substituted by `cmy0' on input line 1337.
Package xcolor Info: Model `hsb' substituted by `rgb' on input line 1341.
Package xcolor Info: Model `RGB' extended on input line 1353.
Package xcolor Info: Model `HTML' substituted by `rgb' on input line 1355.
Package xcolor Info: Model `Hsb' substituted by `hsb' on input line 1356.
Package xcolor Info: Model `tHsb' substituted by `hsb' on input line 1357.
Package xcolor Info: Model `HSB' substituted by `hsb' on input line 1358.
Package xcolor Info: Model `Gray' substituted by `gray' on input line 1359.
Package xcolor Info: Model `wave' substituted by `hsb' on input line 1360.
)
(./artigo-ieee.aux

LaTeX Warning: Label `sec:proposal-desc-memcpy' multiply defined.

)
\openout1 = `artigo-ieee.aux'.

LaTeX Font Info:    Checking defaults for OML/cmm/m/it on input line 377.
LaTeX Font Info:    ... okay on input line 377.
LaTeX Font Info:    Checking defaults for T1/cmr/m/n on input line 377.
LaTeX Font Info:    ... okay on input line 377.
LaTeX Font Info:    Checking defaults for OT1/cmr/m/n on input line 377.
LaTeX Font Info:    ... okay on input line 377.
LaTeX Font Info:    Checking defaults for OMS/cmsy/m/n on input line 377.
LaTeX Font Info:    ... okay on input line 377.
LaTeX Font Info:    Checking defaults for OMX/cmex/m/n on input line 377.
LaTeX Font Info:    ... okay on input line 377.
LaTeX Font Info:    Checking defaults for U/cmr/m/n on input line 377.
LaTeX Font Info:    ... okay on input line 377.
 (/usr/share/texlive/texmf-dist/tex/context/base/supp-pdf.mkii
[Loading MPS to PDF converter (version 2006.09.02).]
\scratchcounter=\count108
\scratchdimen=\dimen142
\scratchbox=\box58
\nofMPsegments=\count109
\nofMParguments=\count110
\everyMPshowfont=\toks24
\MPscratchCnt=\count111
\MPscratchDim=\dimen143
\MPnumerator=\count112
\makeMPintoPDFobject=\count113
\everyMPtoPDFconversion=\toks25
) (/usr/share/texlive/texmf-dist/tex/generic/oberdiek/pdftexcmds.sty
Package: pdftexcmds 2011/11/29 v0.20 Utility functions of pdfTeX for LuaTeX (HO
)

(/usr/share/texlive/texmf-dist/tex/generic/oberdiek/ifluatex.sty
Package: ifluatex 2010/03/01 v1.3 Provides the ifluatex switch (HO)
Package ifluatex Info: LuaTeX not detected.
)
(/usr/share/texlive/texmf-dist/tex/generic/oberdiek/ifpdf.sty
Package: ifpdf 2011/01/30 v2.3 Provides the ifpdf switch (HO)
Package ifpdf Info: pdfTeX in PDF mode is detected.
)
Package pdftexcmds Info: LuaTeX not detected.
Package pdftexcmds Info: \pdf@primitive is available.
Package pdftexcmds Info: \pdf@ifprimitive is available.
Package pdftexcmds Info: \pdfdraftmode found.
)
(/usr/share/texlive/texmf-dist/tex/latex/oberdiek/epstopdf-base.sty
Package: epstopdf-base 2010/02/09 v2.5 Base part for package epstopdf

(/usr/share/texlive/texmf-dist/tex/latex/oberdiek/grfext.sty
Package: grfext 2010/08/19 v1.1 Manage graphics extensions (HO)

(/usr/share/texlive/texmf-dist/tex/generic/oberdiek/kvdefinekeys.sty
Package: kvdefinekeys 2011/04/07 v1.3 Define keys (HO)
))
(/usr/share/texlive/texmf-dist/tex/latex/oberdiek/kvoptions.sty
Package: kvoptions 2011/06/30 v3.11 Key value format for package options (HO)

(/usr/share/texlive/texmf-dist/tex/generic/oberdiek/kvsetkeys.sty
Package: kvsetkeys 2012/04/25 v1.16 Key value parser (HO)

(/usr/share/texlive/texmf-dist/tex/generic/oberdiek/etexcmds.sty
Package: etexcmds 2011/02/16 v1.5 Avoid name clashes with e-TeX commands (HO)
Package etexcmds Info: Could not find \expanded.
(etexcmds)             That can mean that you are not using pdfTeX 1.50 or
(etexcmds)             that some package has redefined \expanded.
(etexcmds)             In the latter case, load this package earlier.
)))
Package grfext Info: Graphics extension search list:
(grfext)             [.png,.pdf,.jpg,.mps,.jpeg,.jbig2,.jb2,.PNG,.PDF,.JPG,.JPE
G,.JBIG2,.JB2,.eps]
(grfext)             \AppendGraphicsExtensions on input line 452.

(/usr/share/texlive/texmf-dist/tex/latex/latexconfig/epstopdf-sys.cfg
File: epstopdf-sys.cfg 2010/07/13 v1.3 Configuration of (r)epstopdf for TeX Liv
e
))
Underfull \vbox (badness 10000) has occurred while \output is active []

 [1{/var/lib/texmf/fonts/map/pdftex/updmap/pdftex.map}


]
LaTeX Font Info:    External font `cmex10' loaded for size
(Font)              <7> on input line 579.
LaTeX Font Info:    External font `cmex10' loaded for size
(Font)              <5> on input line 579.
LaTeX Font Info:    External font `cmex10' loaded for size
(Font)              <8> on input line 641.
LaTeX Font Info:    External font `cmex10' loaded for size
(Font)              <6> on input line 641.

Overfull \hbox (3.80034pt too wide) in paragraph at lines 645--646
 []|[]| 
 []

<check.png, id=9, 602.25pt x 602.25pt>
File: check.png Graphic file (type png)
 <use check.png>
Package pdftex.def Info: check.png used on input line 648.
(pdftex.def)             Requested size: 9.03336pt x 9.03336pt.
File: check.png Graphic file (type png)
 <use check.png>
Package pdftex.def Info: check.png used on input line 648.
(pdftex.def)             Requested size: 9.03336pt x 9.03336pt.
File: check.png Graphic file (type png)

<use check.png>
Package pdftex.def Info: check.png used on input line 648.
(pdftex.def)             Requested size: 9.03336pt x 9.03336pt.
File: check.png Graphic file (type png)
 <use check.png>
Package pdftex.def Info: check.png used on input line 648.
(pdftex.def)             Requested size: 9.03336pt x 9.03336pt.
 <x.png, id=11, 1027.84pt x 1027.84pt>
File: x.png Graphic file (type png)

<use x.png>
Package pdftex.def Info: x.png used on input line 649.
(pdftex.def)             Requested size: 7.19875pt x 7.19875pt.
File: x.png Graphic file (type png)
 <use x.png>
Package pdftex.def Info: x.png used on input line 649.
(pdftex.def)             Requested size: 7.19875pt x 7.19875pt.
File: x.png Graphic file (type png)
 <use x.png>
Package pdftex.def Info: x.png used on input line 649.
(pdftex.def)             Requested size: 7.19875pt x 7.19875pt.
File: check.png Graphic file (type png)
 <use check.png>
Package pdftex.def Info: check.png used on input line 649.
(pdftex.def)             Requested size: 9.03336pt x 9.03336pt.
File: x.png Graphic file (type png)
 <use x.png>
Package pdftex.def Info: x.png used on input line 650.
(pdftex.def)             Requested size: 7.19875pt x 7.19875pt.
File: x.png Graphic file (type png)
 <use x.png>
Package pdftex.def Info: x.png used on input line 650.
(pdftex.def)             Requested size: 7.19875pt x 7.19875pt.
File: x.png Graphic file (type png)

<use x.png>
Package pdftex.def Info: x.png used on input line 650.
(pdftex.def)             Requested size: 7.19875pt x 7.19875pt.
File: check.png Graphic file (type png)
 <use check.png>
Package pdftex.def Info: check.png used on input line 650.
(pdftex.def)             Requested size: 9.03336pt x 9.03336pt.
File: x.png Graphic file (type png)
 <use x.png>
Package pdftex.def Info: x.png used on input line 651.
(pdftex.def)             Requested size: 7.19875pt x 7.19875pt.
File: x.png Graphic file (type png)
 <use x.png>
Package pdftex.def Info: x.png used on input line 651.
(pdftex.def)             Requested size: 7.19875pt x 7.19875pt.
File: x.png Graphic file (type png)
 <use x.png>
Package pdftex.def Info: x.png used on input line 651.
(pdftex.def)             Requested size: 7.19875pt x 7.19875pt.
File: check.png Graphic file (type png)

<use check.png>
Package pdftex.def Info: check.png used on input line 651.
(pdftex.def)             Requested size: 9.03336pt x 9.03336pt.
File: x.png Graphic file (type png)
 <use x.png>
Package pdftex.def Info: x.png used on input line 652.
(pdftex.def)             Requested size: 7.19875pt x 7.19875pt.
File: x.png Graphic file (type png)
 <use x.png>
Package pdftex.def Info: x.png used on input line 652.
(pdftex.def)             Requested size: 7.19875pt x 7.19875pt.
File: x.png Graphic file (type png)
 <use x.png>
Package pdftex.def Info: x.png used on input line 652.
(pdftex.def)             Requested size: 7.19875pt x 7.19875pt.
File: check.png Graphic file (type png)
 <use check.png>
Package pdftex.def Info: check.png used on input line 652.
(pdftex.def)             Requested size: 9.03336pt x 9.03336pt.
File: x.png Graphic file (type png)

<use x.png>
Package pdftex.def Info: x.png used on input line 653.
(pdftex.def)             Requested size: 7.19875pt x 7.19875pt.
File: check.png Graphic file (type png)
 <use check.png>
Package pdftex.def Info: check.png used on input line 653.
(pdftex.def)             Requested size: 9.03336pt x 9.03336pt.
File: x.png Graphic file (type png)
 <use x.png>
Package pdftex.def Info: x.png used on input line 653.
(pdftex.def)             Requested size: 7.19875pt x 7.19875pt.
File: check.png Graphic file (type png)
 <use check.png>
Package pdftex.def Info: check.png used on input line 653.
(pdftex.def)             Requested size: 9.03336pt x 9.03336pt.
File: check.png Graphic file (type png)
 <use check.png>
Package pdftex.def Info: check.png used on input line 654.
(pdftex.def)             Requested size: 9.03336pt x 9.03336pt.
File: check.png Graphic file (type png)

<use check.png>
Package pdftex.def Info: check.png used on input line 654.
(pdftex.def)             Requested size: 9.03336pt x 9.03336pt.
File: x.png Graphic file (type png)
 <use x.png>
Package pdftex.def Info: x.png used on input line 654.
(pdftex.def)             Requested size: 7.19875pt x 7.19875pt.
File: check.png Graphic file (type png)
 <use check.png>
Package pdftex.def Info: check.png used on input line 654.
(pdftex.def)             Requested size: 9.03336pt x 9.03336pt.
File: x.png Graphic file (type png)
 <use x.png>
Package pdftex.def Info: x.png used on input line 655.
(pdftex.def)             Requested size: 7.19875pt x 7.19875pt.
File: x.png Graphic file (type png)
 <use x.png>
Package pdftex.def Info: x.png used on input line 655.
(pdftex.def)             Requested size: 7.19875pt x 7.19875pt.
File: x.png Graphic file (type png)

<use x.png>
Package pdftex.def Info: x.png used on input line 655.
(pdftex.def)             Requested size: 7.19875pt x 7.19875pt.
File: check.png Graphic file (type png)
 <use check.png>
Package pdftex.def Info: check.png used on input line 655.
(pdftex.def)             Requested size: 9.03336pt x 9.03336pt.
File: x.png Graphic file (type png)
 <use x.png>
Package pdftex.def Info: x.png used on input line 656.
(pdftex.def)             Requested size: 7.19875pt x 7.19875pt.
File: x.png Graphic file (type png)
 <use x.png>
Package pdftex.def Info: x.png used on input line 656.
(pdftex.def)             Requested size: 7.19875pt x 7.19875pt.
File: x.png Graphic file (type png)
 <use x.png>
Package pdftex.def Info: x.png used on input line 656.
(pdftex.def)             Requested size: 7.19875pt x 7.19875pt.
File: check.png Graphic file (type png)

<use check.png>
Package pdftex.def Info: check.png used on input line 656.
(pdftex.def)             Requested size: 9.03336pt x 9.03336pt.
File: check.png Graphic file (type png)
 <use check.png>
Package pdftex.def Info: check.png used on input line 657.
(pdftex.def)             Requested size: 9.03336pt x 9.03336pt.
File: x.png Graphic file (type png)
 <use x.png>
Package pdftex.def Info: x.png used on input line 657.
(pdftex.def)             Requested size: 7.19875pt x 7.19875pt.
File: x.png Graphic file (type png)
 <use x.png>
Package pdftex.def Info: x.png used on input line 657.
(pdftex.def)             Requested size: 7.19875pt x 7.19875pt.
File: check.png Graphic file (type png)
 <use check.png>
Package pdftex.def Info: check.png used on input line 657.
(pdftex.def)             Requested size: 9.03336pt x 9.03336pt.
File: check.png Graphic file (type png)

<use check.png>
Package pdftex.def Info: check.png used on input line 658.
(pdftex.def)             Requested size: 9.03336pt x 9.03336pt.
File: check.png Graphic file (type png)
 <use check.png>
Package pdftex.def Info: check.png used on input line 658.
(pdftex.def)             Requested size: 9.03336pt x 9.03336pt.
File: x.png Graphic file (type png)
 <use x.png>
Package pdftex.def Info: x.png used on input line 658.
(pdftex.def)             Requested size: 7.19875pt x 7.19875pt.
File: check.png Graphic file (type png)
 <use check.png>
Package pdftex.def Info: check.png used on input line 658.
(pdftex.def)             Requested size: 9.03336pt x 9.03336pt.
 [2] [3 <./check.png> <./x.png>] <janela_ieee-eng.pdf, id=22, 845.04686pt x 597
.50786pt>
File: janela_ieee-eng.pdf Graphic file (type pdf)

<use janela_ieee-eng.pdf>
Package pdftex.def Info: janela_ieee-eng.pdf used on input line 890.
(pdftex.def)             Requested size: 845.0448pt x 597.5064pt.
LaTeX Font Info:    Try loading font information for OMS+ptm on input line 903.


(/usr/share/texlive/texmf-dist/tex/latex/psnfss/omsptm.fd
File: omsptm.fd 
)
LaTeX Font Info:    Font shape `OMS/ptm/m/n' in size <10> not available
(Font)              Font shape `OMS/cmsy/m/n' tried instead on input line 903.

<solucao-eng-small.pdf, id=23, 845.1575pt x 314.17375pt>
File: solucao-eng-small.pdf Graphic file (type pdf)

<use solucao-eng-small.pdf>
Package pdftex.def Info: solucao-eng-small.pdf used on input line 921.
(pdftex.def)             Requested size: 845.15544pt x 314.17297pt.
 [4 <./janela_ieee-eng.pdf>]
LaTeX Font Info:    Try loading font information for OT1+pcr on input line 980.


(/usr/share/texlive/texmf-dist/tex/latex/psnfss/ot1pcr.fd
File: ot1pcr.fd 2001/06/04 font definitions for OT1/pcr.
)
<evolucao_coleta_ieee.pdf, id=33, 845.04686pt x 597.50786pt>
File: evolucao_coleta_ieee.pdf Graphic file (type pdf)

<use evolucao_coleta_ieee.pdf>
Package pdftex.def Info: evolucao_coleta_ieee.pdf used on input line 999.
(pdftex.def)             Requested size: 845.0448pt x 597.5064pt.
 [5 <./solucao-eng-small.pdf> <./evolucao_coleta_ieee.pdf>] <memoria_copia_ieee
.pdf, id=44, 845.04686pt x 597.50786pt>
File: memoria_copia_ieee.pdf Graphic file (type pdf)

<use memoria_copia_ieee.pdf>
Package pdftex.def Info: memoria_copia_ieee.pdf used on input line 1034.
(pdftex.def)             Requested size: 845.0448pt x 597.5064pt.

<evidencia_download_ieee.pdf, id=45, 845.04686pt x 597.50786pt>
File: evidencia_download_ieee.pdf Graphic file (type pdf)

<use evidencia_download_ieee.pdf>
Package pdftex.def Info: evidencia_download_ieee.pdf used on input line 1064.
(pdftex.def)             Requested size: 845.0448pt x 597.5064pt.

Underfull \hbox (badness 10000) in paragraph at lines 1082--1084
\OT1/pcr/m/n/8 #reading...[]MARCOS: escreva aqui o comando... usar
 []


Underfull \hbox (badness 10000) in paragraph at lines 1082--1084
\OT1/pcr/m/n/8 uma figura pra texto n[]ao faz l[]a muito sentido... -
 []

<comando-copia-memoria-gdb.pdf, id=46, 845.1575pt x 193.72375pt>
File: comando-copia-memoria-gdb.pdf Graphic file (type pdf)

<use comando-copia-memoria-gdb.pdf>
Package pdftex.def Info: comando-copia-memoria-gdb.pdf used on input line 1088.

(pdftex.def)             Requested size: 422.57771pt x 96.86163pt.

<antes-injecao.pdf, id=47, 845.1575pt x 501.875pt>
File: antes-injecao.pdf Graphic file (type pdf)
 <use antes-injecao.pdf>
Package pdftex.def Info: antes-injecao.pdf used on input line 1107.
(pdftex.def)             Requested size: 295.80956pt x 175.65887pt.

Overfull \hbox (43.80956pt too wide) in paragraph at lines 1107--1110
 [][] 
 []

<apos-injecao.pdf, id=48, 845.1575pt x 705.63625pt>
File: apos-injecao.pdf Graphic file (type pdf)
 <use apos-injecao.pdf>
Package pdftex.def Info: apos-injecao.pdf used on input line 1116.
(pdftex.def)             Requested size: 845.15544pt x 705.63452pt.

Underfull \hbox (badness 6412) in paragraph at lines 1123--1133
\OT1/pcr/m/n/10 --security-opt-seccomp=unconfined \OT1/ptm/m/n/10 which al-
 []

[6 <./memoria_copia_ieee.pdf> <./evidencia_download_ieee.pdf

pdfTeX warning: /usr/bin/pdflatex (file ./evidencia_download_ieee.pdf): PDF inc
lusion: multiple pdfs with page group included in a single page
> <./antes-injecao.pdf>]
<nao-consido-dumpar-memoria.pdf, id=60, 845.1575pt x 686.565pt>
File: nao-consido-dumpar-memoria.pdf Graphic file (type pdf)

<use nao-consido-dumpar-memoria.pdf>
Package pdftex.def Info: nao-consido-dumpar-memoria.pdf used on input line 1137
.
(pdftex.def)             Requested size: 270.45592pt x 219.70529pt.

Overfull \hbox (18.45592pt too wide) in paragraph at lines 1137--1140
 [][] 
 []


Underfull \vbox (badness 10000) has occurred while \output is active []

 [7 <./comando-copia-memoria-gdb.pdf> <./apos-injecao.pdf> <./nao-consido-dumpa
r-memoria.pdf>] (./artigo-ieee.bbl
Underfull \hbox (badness 6910) in paragraph at lines 97--100
[]\OT1/ptm/m/n/8 Diamanti, ``Five rea-sons you should run con-tain-ers on bare
 []


Underfull \hbox (badness 10000) in paragraph at lines 97--100
\OT1/ptm/m/n/8 metal, not vms,'' Dia-manti, Tech. Rep., 2018, avail-able:
 []


Underfull \hbox (badness 10000) in paragraph at lines 97--100
\OT1/ptm/m/n/8 https : / / diamanti . com / wp-[]content / uploads / 2018 / 07 
/ Diamanti\OMS/cmsy/m/n/8 fn[] [] \OT1/ptm/m/n/8 WP\OMS/cmsy/m/n/8 fn[]
 []


Underfull \hbox (badness 10000) in paragraph at lines 97--100
[] \OT1/ptm/m/n/8 Five\OMS/cmsy/m/n/8 fn[] [] \OT1/ptm/m/n/8 Reasons\OMS/cmsy/m
/n/8 fn[] [] \OT1/ptm/m/n/8 You\OMS/cmsy/m/n/8 fn[] [] \OT1/ptm/m/n/8 Should\OM
S/cmsy/m/n/8 fn[] [] \OT1/ptm/m/n/8 Run\OMS/cmsy/m/n/8 fn[] [] \OT1/ptm/m/n/8 C
ontainers\OMS/cmsy/m/n/8 fn[] []
 []


Underfull \hbox (badness 10000) in paragraph at lines 102--105
\OT1/ptm/m/n/8 https : / / clusterhq . com / assets / pdfs / state-[]of-[]conta
iner-[]usage-[]june-[]2016 .
 []


Overfull \hbox (22.17947pt too wide) in paragraph at lines 184--189
[]\OT1/ptm/m/n/8 5CExploring-[]Static-[]and-[]Live-[]Digital-[]Forensic-[]Metho
ds-[]Practices-[]and-[]Tools .
 []


Underfull \hbox (badness 10000) in paragraph at lines 199--202
[]\OT1/ptm/m/n/8 Fabio Kung, ``Mem-ory in-side LInux con-tain-ers,''
 []


Underfull \hbox (badness 10000) in paragraph at lines 199--202
\OT1/ptm/m/n/8 https://fabiokung.com/2014/03/13/memory-inside-linux-containers/
,
 []


Underfull \hbox (badness 10000) in paragraph at lines 204--206
[]\OT1/ptm/m/n/8 Docker, ``Run-time priv-i-lege and Linux ca-pa-bil-i-ties,''
 []


Underfull \hbox (badness 7151) in paragraph at lines 204--206
\OT1/ptm/m/n/8 https://docs.docker.com/engine/reference/run/, aces-sado em: 30-
11-
 []

)

** Conference Paper **
Before submitting the final camera ready copy, remember to:

 1. Manually equalize the lengths of two columns on the last page
 of your paper;

 2. Ensure that any PostScript and/or PDF output post-processing
 uses only Type 1 fonts and that every step in the generation
 process uses the appropriate paper size.

[8] (./artigo-ieee.aux)

LaTeX Warning: There were multiply-defined labels.

 ) 
Here is how much of TeX's memory you used:
 4752 strings out of 493304
 71044 string characters out of 6139871
 166232 words of memory out of 5000000
 8093 multiletter control sequences out of 15000+600000
 40934 words of font info for 77 fonts, out of 8000000 for 9000
 960 hyphenation exceptions out of 8191
 40i,16n,35p,831b,369s stack positions out of 5000i,500n,10000p,200000b,80000s
{/usr/share/texlive/texmf-dist/fonts/enc/dvips/base/8r.enc}</usr/share/texliv
e/texmf-dist/fonts/type1/public/amsfonts/cm/cmmi10.pfb></usr/share/texlive/texm
f-dist/fonts/type1/public/amsfonts/cm/cmr10.pfb></usr/share/texlive/texmf-dist/
fonts/type1/public/amsfonts/cm/cmsy10.pfb></usr/share/texlive/texmf-dist/fonts/
type1/public/amsfonts/cm/cmsy7.pfb></usr/share/texlive/texmf-dist/fonts/type1/p
ublic/amsfonts/cm/cmsy8.pfb></usr/share/texlive/texmf-dist/fonts/type1/urw/cour
ier/ucrr8a.pfb></usr/share/texlive/texmf-dist/fonts/type1/urw/times/utmb8a.pfb>
</usr/share/texlive/texmf-dist/fonts/type1/urw/times/utmbi8a.pfb></usr/share/te
xlive/texmf-dist/fonts/type1/urw/times/utmr8a.pfb></usr/share/texlive/texmf-dis
t/fonts/type1/urw/times/utmri8a.pfb>
Output written on artigo-ieee.pdf (8 pages, 727704 bytes).
PDF statistics:
 106 PDF objects out of 1000 (max. 8388607)
 63 compressed objects within 1 object stream
 0 named destinations out of 1000 (max. 500000)
 56 words of extra memory for PDF output out of 10000 (max. 10000000)

