This is pdfTeX, Version 3.1415926-2.5-1.40.14 (TeX Live 2013/Debian) (format=pdflatex 2016.3.10)  23 OCT 2017 20:11
entering extended mode
 restricted \write18 enabled.
 %&-line parsing enabled.
**artigo-sbc.tex
(./artigo-sbc.tex
LaTeX2e <2011/06/27>
Babel <3.9h> and hyphenation patterns for 78 languages loaded.
(/usr/share/texlive/texmf-dist/tex/latex/base/article.cls
Document Class: article 2007/10/19 v1.4h Standard LaTeX document class
(/usr/share/texlive/texmf-dist/tex/latex/base/size12.clo
File: size12.clo 2007/10/19 v1.4h Standard LaTeX file (size option)
)
\c@part=\count79
\c@section=\count80
\c@subsection=\count81
\c@subsubsection=\count82
\c@paragraph=\count83
\c@subparagraph=\count84
\c@figure=\count85
\c@table=\count86
\abovecaptionskip=\skip41
\belowcaptionskip=\skip42
\bibindent=\dimen102
) (./sbc-template.sty
Package: sbc-template 2001/06/09

(/usr/share/texlive/texmf-dist/tex/latex/geometry/geometry.sty
Package: geometry 2010/09/12 v5.6 Page Geometry

(/usr/share/texlive/texmf-dist/tex/latex/graphics/keyval.sty
Package: keyval 1999/03/16 v1.13 key=value parser (DPC)
\KV@toks@=\toks14
)
(/usr/share/texlive/texmf-dist/tex/generic/oberdiek/ifpdf.sty
Package: ifpdf 2011/01/30 v2.3 Provides the ifpdf switch (HO)
Package ifpdf Info: pdfTeX in PDF mode is detected.
)
(/usr/share/texlive/texmf-dist/tex/generic/oberdiek/ifvtex.sty
Package: ifvtex 2010/03/01 v1.5 Detect VTeX and its facilities (HO)
Package ifvtex Info: VTeX not detected.
)
(/usr/share/texlive/texmf-dist/tex/generic/ifxetex/ifxetex.sty
Package: ifxetex 2010/09/12 v0.6 Provides ifxetex conditional
)
\Gm@cnth=\count87
\Gm@cntv=\count88
\c@Gm@tempcnt=\count89
\Gm@bindingoffset=\dimen103
\Gm@wd@mp=\dimen104
\Gm@odd@mp=\dimen105
\Gm@even@mp=\dimen106
\Gm@layoutwidth=\dimen107
\Gm@layoutheight=\dimen108
\Gm@layouthoffset=\dimen109
\Gm@layoutvoffset=\dimen110
\Gm@dimlist=\toks15
)
(/usr/share/texlive/texmf-dist/tex/latex/caption/caption2.sty
Package: caption2 2013/02/03 v2.2-62 Customising captions (AR)


Package caption2 Warning: ****************************************************
(caption2)                THIS PACKAGE IS OBSOLETE:
(caption2)                This package attempts to provide an `caption2'
(caption2)                package v2.0/2.1 author environment so that OLD
(caption2)                documents can be successfully processed. It should
(caption2)                NOT be used for NEW documents! New documents should
(caption2)                use the regular `caption' package v3.x instead.
(caption2)                ****************************************************

(/usr/share/texlive/texmf-dist/tex/latex/caption/caption3.sty
Package: caption3 2013/05/02 v1.6-88 caption3 kernel (AR)
Package caption3 Info: TeX engine: e-TeX on input line 57.
\captionmargin=\dimen111
\captionmargin@=\dimen112
\captionwidth=\dimen113
\caption@tempdima=\dimen114
\caption@indent=\dimen115
\caption@parindent=\dimen116
\caption@hangindent=\dimen117
)
Package caption2 Info: Running in caption2 v2.0 compatibility mode on input lin
e 215.
\captionlinewidth=\dimen118
\realcaptionwidth=\dimen119
)
(/usr/share/texlive/texmf-dist/tex/latex/psnfss/times.sty
Package: times 2005/04/12 PSNFSS-v9.2a (SPQR) 
)
\c@instn=\count90

(/usr/share/texlive/texmf-dist/tex/latex/titlesec/titlesec.sty
Package: titlesec 2011/12/15 v2.10.0 Sectioning titles
\ttl@box=\box26
\beforetitleunit=\skip43
\aftertitleunit=\skip44
\ttl@plus=\dimen120
\ttl@minus=\dimen121
\ttl@toksa=\toks16
\titlewidth=\dimen122
\titlewidthlast=\dimen123
\titlewidthfirst=\dimen124
))
(/usr/share/texlive/texmf-dist/tex/latex/graphics/graphicx.sty
Package: graphicx 1999/02/16 v1.0f Enhanced LaTeX Graphics (DPC,SPQR)

(/usr/share/texlive/texmf-dist/tex/latex/graphics/graphics.sty
Package: graphics 2009/02/05 v1.0o Standard LaTeX Graphics (DPC,SPQR)

(/usr/share/texlive/texmf-dist/tex/latex/graphics/trig.sty
Package: trig 1999/03/16 v1.09 sin cos tan (DPC)
)
(/usr/share/texlive/texmf-dist/tex/latex/latexconfig/graphics.cfg
File: graphics.cfg 2010/04/23 v1.9 graphics configuration of TeX Live
)
Package graphics Info: Driver file: pdftex.def on input line 91.

(/usr/share/texlive/texmf-dist/tex/latex/pdftex-def/pdftex.def
File: pdftex.def 2011/05/27 v0.06d Graphics/color for pdfTeX

(/usr/share/texlive/texmf-dist/tex/generic/oberdiek/infwarerr.sty
Package: infwarerr 2010/04/08 v1.3 Providing info/warning/error messages (HO)
)
(/usr/share/texlive/texmf-dist/tex/generic/oberdiek/ltxcmds.sty
Package: ltxcmds 2011/11/09 v1.22 LaTeX kernel commands for general use (HO)
)
\Gread@gobject=\count91
))
\Gin@req@height=\dimen125
\Gin@req@width=\dimen126
)
(/usr/share/texlive/texmf-dist/tex/generic/babel/babel.sty
Package: babel 2013/12/03 3.9h The Babel package

(/usr/share/texlive/texmf-dist/tex/generic/babel-portuges/portuges.ldf
Language: portuges 2008/03/18 v1.2q Portuguese support from the babel system

(/usr/share/texlive/texmf-dist/tex/generic/babel/babel.def
File: babel.def 2013/12/03 3.9h Babel common definitions
\babel@savecnt=\count92
\U@D=\dimen127
)
\l@brazil = a dialect from \language\l@portuges 
Package babel Info: Making " an active character on input line 145.
))
(/usr/share/texlive/texmf-dist/tex/latex/base/inputenc.sty
Package: inputenc 2008/03/30 v1.1d Input encoding file
\inpenc@prehook=\toks17
\inpenc@posthook=\toks18

(/usr/share/texlive/texmf-dist/tex/latex/base/latin1.def
File: latin1.def 2008/03/30 v1.1d Input encoding file
))
(/usr/share/texlive/texmf-dist/tex/latex/tools/multicol.sty
Package: multicol 2011/06/27 v1.7a multicolumn formatting (FMi)
\c@tracingmulticols=\count93
\mult@box=\box27
\multicol@leftmargin=\dimen128
\c@unbalance=\count94
\c@collectmore=\count95
\doublecol@number=\count96
\multicoltolerance=\count97
\multicolpretolerance=\count98
\full@width=\dimen129
\page@free=\dimen130
\premulticols=\dimen131
\postmulticols=\dimen132
\multicolsep=\skip45
\multicolbaselineskip=\skip46
\partial@page=\box28
\last@line=\box29
\mult@rightbox=\box30
\mult@grightbox=\box31
\mult@gfirstbox=\box32
\mult@firstbox=\box33
\@tempa=\box34
\@tempa=\box35
\@tempa=\box36
\@tempa=\box37
\@tempa=\box38
\@tempa=\box39
\@tempa=\box40
\@tempa=\box41
\@tempa=\box42
\@tempa=\box43
\@tempa=\box44
\@tempa=\box45
\@tempa=\box46
\@tempa=\box47
\@tempa=\box48
\@tempa=\box49
\@tempa=\box50
\c@columnbadness=\count99
\c@finalcolumnbadness=\count100
\last@try=\dimen133
\multicolovershoot=\dimen134
\multicolundershoot=\dimen135
\mult@nat@firstbox=\box51
\colbreak@box=\box52
\multicol@sort@counter=\count101
)
(/usr/share/texlive/texmf-dist/tex/latex/multirow/multirow.sty
\bigstrutjot=\dimen136
)
(/usr/share/texlive/texmf-dist/tex/latex/url/url.sty
\Urlmuskip=\muskip10
Package: url 2013/09/16  ver 3.4  Verb mode for urls, etc.
)
(/usr/share/texlive/texmf-dist/tex/latex/enumitem/enumitem.sty
Package: enumitem 2011/09/28 v3.5.2 Customized lists
\labelindent=\skip47
\enit@outerparindent=\dimen137
\enit@toks=\toks19
\enit@inbox=\box53
\enitdp@description=\count102
)
(/usr/share/texlive/texmf-dist/tex/latex/comment/comment.sty
\CommentStream=\write3

Excluding comment 'comment')
(/usr/share/texlive/texmf-dist/tex/latex/tools/array.sty
Package: array 2008/09/09 v2.4c Tabular extension package (FMi)
\col@sep=\dimen138
\extrarowheight=\dimen139
\NC@list=\toks20
\extratabsurround=\skip48
\backup@length=\skip49
)
(/usr/share/texmf/tex/latex/xcolor/xcolor.sty
Package: xcolor 2007/01/21 v2.11 LaTeX color extensions (UK)

(/usr/share/texlive/texmf-dist/tex/latex/latexconfig/color.cfg
File: color.cfg 2007/01/18 v1.5 color configuration of teTeX/TeXLive
)
Package xcolor Info: Driver file: pdftex.def on input line 225.
Package xcolor Info: Model `cmy' substituted by `cmy0' on input line 1337.
Package xcolor Info: Model `hsb' substituted by `rgb' on input line 1341.
Package xcolor Info: Model `RGB' extended on input line 1353.
Package xcolor Info: Model `HTML' substituted by `rgb' on input line 1355.
Package xcolor Info: Model `Hsb' substituted by `hsb' on input line 1356.
Package xcolor Info: Model `tHsb' substituted by `hsb' on input line 1357.
Package xcolor Info: Model `HSB' substituted by `hsb' on input line 1358.
Package xcolor Info: Model `Gray' substituted by `gray' on input line 1359.
Package xcolor Info: Model `wave' substituted by `hsb' on input line 1360.
)
(./artigo-sbc.aux)
\openout1 = `artigo-sbc.aux'.

LaTeX Font Info:    Checking defaults for OML/cmm/m/it on input line 52.
LaTeX Font Info:    ... okay on input line 52.
LaTeX Font Info:    Checking defaults for T1/cmr/m/n on input line 52.
LaTeX Font Info:    ... okay on input line 52.
LaTeX Font Info:    Checking defaults for OT1/cmr/m/n on input line 52.
LaTeX Font Info:    ... okay on input line 52.
LaTeX Font Info:    Checking defaults for OMS/cmsy/m/n on input line 52.
LaTeX Font Info:    ... okay on input line 52.
LaTeX Font Info:    Checking defaults for OMX/cmex/m/n on input line 52.
LaTeX Font Info:    ... okay on input line 52.
LaTeX Font Info:    Checking defaults for U/cmr/m/n on input line 52.
LaTeX Font Info:    ... okay on input line 52.
LaTeX Font Info:    Try loading font information for OT1+ptm on input line 52.
 (/usr/share/texlive/texmf-dist/tex/latex/psnfss/ot1ptm.fd
File: ot1ptm.fd 2001/06/04 font definitions for OT1/ptm.
)
*geometry* driver: auto-detecting
*geometry* detected driver: pdftex
*geometry* verbose mode - [ preamble ] result:
* driver: pdftex
* paper: a4paper
* layout: <same size as paper>
* layoutoffset:(h,v)=(0.0pt,0.0pt)
* modes: 
* h-part:(L,W,R)=(85.35826pt, 426.79135pt, 85.35826pt)
* v-part:(T,H,B)=(99.58464pt, 674.33032pt, 71.13188pt)
* \paperwidth=597.50787pt
* \paperheight=845.04684pt
* \textwidth=426.79135pt
* \textheight=674.33032pt
* \oddsidemargin=13.08827pt
* \evensidemargin=13.08827pt
* \topmargin=-9.68535pt
* \headheight=12.0pt
* \headsep=25.0pt
* \topskip=12.0pt
* \footskip=30.0pt
* \marginparwidth=44.0pt
* \marginparsep=10.0pt
* \columnsep=10.0pt
* \skip\footins=10.8pt plus 4.0pt minus 2.0pt
* \hoffset=0.0pt
* \voffset=0.0pt
* \mag=1000
* \@twocolumnfalse
* \@twosidefalse
* \@mparswitchfalse
* \@reversemarginfalse
* (1in=72.27pt=25.4mm, 1cm=28.453pt)

Package caption Info: Begin \AtBeginDocument code.
Package caption Info: End \AtBeginDocument code.
(/usr/share/texlive/texmf-dist/tex/context/base/supp-pdf.mkii
[Loading MPS to PDF converter (version 2006.09.02).]
\scratchcounter=\count103
\scratchdimen=\dimen140
\scratchbox=\box54
\nofMPsegments=\count104
\nofMParguments=\count105
\everyMPshowfont=\toks21
\MPscratchCnt=\count106
\MPscratchDim=\dimen141
\MPnumerator=\count107
\makeMPintoPDFobject=\count108
\everyMPtoPDFconversion=\toks22
) (/usr/share/texlive/texmf-dist/tex/generic/oberdiek/pdftexcmds.sty
Package: pdftexcmds 2011/11/29 v0.20 Utility functions of pdfTeX for LuaTeX (HO
)

(/usr/share/texlive/texmf-dist/tex/generic/oberdiek/ifluatex.sty
Package: ifluatex 2010/03/01 v1.3 Provides the ifluatex switch (HO)
Package ifluatex Info: LuaTeX not detected.
)
Package pdftexcmds Info: LuaTeX not detected.
Package pdftexcmds Info: \pdf@primitive is available.
Package pdftexcmds Info: \pdf@ifprimitive is available.
Package pdftexcmds Info: \pdfdraftmode found.
)
(/usr/share/texlive/texmf-dist/tex/latex/oberdiek/epstopdf-base.sty
Package: epstopdf-base 2010/02/09 v2.5 Base part for package epstopdf

(/usr/share/texlive/texmf-dist/tex/latex/oberdiek/grfext.sty
Package: grfext 2010/08/19 v1.1 Manage graphics extensions (HO)

(/usr/share/texlive/texmf-dist/tex/generic/oberdiek/kvdefinekeys.sty
Package: kvdefinekeys 2011/04/07 v1.3 Define keys (HO)
))
(/usr/share/texlive/texmf-dist/tex/latex/oberdiek/kvoptions.sty
Package: kvoptions 2011/06/30 v3.11 Key value format for package options (HO)

(/usr/share/texlive/texmf-dist/tex/generic/oberdiek/kvsetkeys.sty
Package: kvsetkeys 2012/04/25 v1.16 Key value parser (HO)

(/usr/share/texlive/texmf-dist/tex/generic/oberdiek/etexcmds.sty
Package: etexcmds 2011/02/16 v1.5 Avoid name clashes with e-TeX commands (HO)
Package etexcmds Info: Could not find \expanded.
(etexcmds)             That can mean that you are not using pdfTeX 1.50 or
(etexcmds)             that some package has redefined \expanded.
(etexcmds)             In the latter case, load this package earlier.
)))
Package grfext Info: Graphics extension search list:
(grfext)             [.png,.pdf,.jpg,.mps,.jpeg,.jbig2,.jb2,.PNG,.PDF,.JPG,.JPE
G,.JBIG2,.JB2,.eps]
(grfext)             \AppendGraphicsExtensions on input line 452.

(/usr/share/texlive/texmf-dist/tex/latex/latexconfig/epstopdf-sys.cfg
File: epstopdf-sys.cfg 2010/07/13 v1.3 Configuration of (r)epstopdf for TeX Liv
e
))
LaTeX Font Info:    Font shape `OT1/ptm/bx/n' in size <16> not available
(Font)              Font shape `OT1/ptm/b/n' tried instead on input line 54.
LaTeX Font Info:    Font shape `OT1/ptm/bx/n' in size <12> not available
(Font)              Font shape `OT1/ptm/b/n' tried instead on input line 54.
LaTeX Font Info:    External font `cmex10' loaded for size
(Font)              <12> on input line 54.
LaTeX Font Info:    External font `cmex10' loaded for size
(Font)              <8> on input line 54.
LaTeX Font Info:    External font `cmex10' loaded for size
(Font)              <6> on input line 54.
LaTeX Font Info:    Font shape `OT1/ptm/bx/it' in size <12> not available
(Font)              Font shape `OT1/ptm/b/it' tried instead on input line 56.
LaTeX Font Info:    Font shape `OT1/ptm/bx/n' in size <13> not available
(Font)              Font shape `OT1/ptm/b/n' tried instead on input line 78.

[1

{/var/lib/texmf/fonts/map/pdftex/updmap/pdftex.map}] [2]
LaTeX Font Info:    Try loading font information for OT1+phv on input line 196.


(/usr/share/texlive/texmf-dist/tex/latex/psnfss/ot1phv.fd
File: ot1phv.fd 2001/06/04 scalable font definitions for OT1/phv.
)
LaTeX Font Info:    Font shape `OT1/phv/bx/n' in size <10> not available
(Font)              Font shape `OT1/phv/b/n' tried instead on input line 196.
LaTeX Font Info:    External font `cmex10' loaded for size
(Font)              <7> on input line 198.
LaTeX Font Info:    External font `cmex10' loaded for size
(Font)              <5> on input line 198.
LaTeX Font Info:    Font shape `OT1/ptm/bx/n' in size <10> not available
(Font)              Font shape `OT1/ptm/b/n' tried instead on input line 199.

<check.png, id=14, 602.25pt x 602.25pt>
File: check.png Graphic file (type png)
 <use check.png>
Package pdftex.def Info: check.png used on input line 206.
(pdftex.def)             Requested size: 9.03336pt x 9.03336pt.

<x.png, id=16, 1027.84pt x 1027.84pt>
File: x.png Graphic file (type png)
 <use x.png>
Package pdftex.def Info: x.png used on input line 206.
(pdftex.def)             Requested size: 7.19875pt x 7.19875pt.
File: x.png Graphic file (type png)
 <use x.png>
Package pdftex.def Info: x.png used on input line 206.
(pdftex.def)             Requested size: 7.19875pt x 7.19875pt.
File: x.png Graphic file (type png)
 <use x.png>
Package pdftex.def Info: x.png used on input line 206.
(pdftex.def)             Requested size: 7.19875pt x 7.19875pt.
File: x.png Graphic file (type png)

<use x.png>
Package pdftex.def Info: x.png used on input line 206.
(pdftex.def)             Requested size: 7.19875pt x 7.19875pt.
File: x.png Graphic file (type png)
 <use x.png>
Package pdftex.def Info: x.png used on input line 206.
(pdftex.def)             Requested size: 7.19875pt x 7.19875pt.
File: check.png Graphic file (type png)
 <use check.png>
Package pdftex.def Info: check.png used on input line 206.
(pdftex.def)             Requested size: 9.03336pt x 9.03336pt.
File: x.png Graphic file (type png)
 <use x.png>
Package pdftex.def Info: x.png used on input line 206.
(pdftex.def)             Requested size: 7.19875pt x 7.19875pt.
File: x.png Graphic file (type png)
 <use x.png>
Package pdftex.def Info: x.png used on input line 206.
(pdftex.def)             Requested size: 7.19875pt x 7.19875pt.
File: check.png Graphic file (type png)

<use check.png>
Package pdftex.def Info: check.png used on input line 206.
(pdftex.def)             Requested size: 9.03336pt x 9.03336pt.
File: check.png Graphic file (type png)
 <use check.png>
Package pdftex.def Info: check.png used on input line 206.
(pdftex.def)             Requested size: 9.03336pt x 9.03336pt.
File: check.png Graphic file (type png)
 <use check.png>
Package pdftex.def Info: check.png used on input line 207.
(pdftex.def)             Requested size: 9.03336pt x 9.03336pt.
File: x.png Graphic file (type png)
 <use x.png>
Package pdftex.def Info: x.png used on input line 207.
(pdftex.def)             Requested size: 7.19875pt x 7.19875pt.
File: x.png Graphic file (type png)
 <use x.png>
Package pdftex.def Info: x.png used on input line 207.
(pdftex.def)             Requested size: 7.19875pt x 7.19875pt.
File: x.png Graphic file (type png)

<use x.png>
Package pdftex.def Info: x.png used on input line 207.
(pdftex.def)             Requested size: 7.19875pt x 7.19875pt.
File: x.png Graphic file (type png)
 <use x.png>
Package pdftex.def Info: x.png used on input line 207.
(pdftex.def)             Requested size: 7.19875pt x 7.19875pt.
File: x.png Graphic file (type png)
 <use x.png>
Package pdftex.def Info: x.png used on input line 207.
(pdftex.def)             Requested size: 7.19875pt x 7.19875pt.
File: x.png Graphic file (type png)
 <use x.png>
Package pdftex.def Info: x.png used on input line 207.
(pdftex.def)             Requested size: 7.19875pt x 7.19875pt.
File: x.png Graphic file (type png)
 <use x.png>
Package pdftex.def Info: x.png used on input line 207.
(pdftex.def)             Requested size: 7.19875pt x 7.19875pt.
File: x.png Graphic file (type png)
 <use x.png>
Package pdftex.def Info: x.png used on input line 207.
(pdftex.def)             Requested size: 7.19875pt x 7.19875pt.
File: x.png Graphic file (type png)

<use x.png>
Package pdftex.def Info: x.png used on input line 207.
(pdftex.def)             Requested size: 7.19875pt x 7.19875pt.
File: x.png Graphic file (type png)
 <use x.png>
Package pdftex.def Info: x.png used on input line 207.
(pdftex.def)             Requested size: 7.19875pt x 7.19875pt.
File: check.png Graphic file (type png)
 <use check.png>
Package pdftex.def Info: check.png used on input line 208.
(pdftex.def)             Requested size: 9.03336pt x 9.03336pt.
File: x.png Graphic file (type png)
 <use x.png>
Package pdftex.def Info: x.png used on input line 208.
(pdftex.def)             Requested size: 7.19875pt x 7.19875pt.
File: x.png Graphic file (type png)
 <use x.png>
Package pdftex.def Info: x.png used on input line 208.
(pdftex.def)             Requested size: 7.19875pt x 7.19875pt.
File: x.png Graphic file (type png)
 <use x.png>
Package pdftex.def Info: x.png used on input line 208.
(pdftex.def)             Requested size: 7.19875pt x 7.19875pt.
File: x.png Graphic file (type png)

<use x.png>
Package pdftex.def Info: x.png used on input line 208.
(pdftex.def)             Requested size: 7.19875pt x 7.19875pt.
File: check.png Graphic file (type png)
 <use check.png>
Package pdftex.def Info: check.png used on input line 208.
(pdftex.def)             Requested size: 9.03336pt x 9.03336pt.
File: check.png Graphic file (type png)
 <use check.png>
Package pdftex.def Info: check.png used on input line 208.
(pdftex.def)             Requested size: 9.03336pt x 9.03336pt.
File: x.png Graphic file (type png)
 <use x.png>
Package pdftex.def Info: x.png used on input line 208.
(pdftex.def)             Requested size: 7.19875pt x 7.19875pt.
File: x.png Graphic file (type png)
 <use x.png>
Package pdftex.def Info: x.png used on input line 208.
(pdftex.def)             Requested size: 7.19875pt x 7.19875pt.
File: x.png Graphic file (type png)

<use x.png>
Package pdftex.def Info: x.png used on input line 208.
(pdftex.def)             Requested size: 7.19875pt x 7.19875pt.
File: check.png Graphic file (type png)
 <use check.png>
Package pdftex.def Info: check.png used on input line 208.
(pdftex.def)             Requested size: 9.03336pt x 9.03336pt.
File: check.png Graphic file (type png)
 <use check.png>
Package pdftex.def Info: check.png used on input line 209.
(pdftex.def)             Requested size: 9.03336pt x 9.03336pt.
File: check.png Graphic file (type png)
 <use check.png>
Package pdftex.def Info: check.png used on input line 209.
(pdftex.def)             Requested size: 9.03336pt x 9.03336pt.
File: check.png Graphic file (type png)
 <use check.png>
Package pdftex.def Info: check.png used on input line 209.
(pdftex.def)             Requested size: 9.03336pt x 9.03336pt.
File: check.png Graphic file (type png)

<use check.png>
Package pdftex.def Info: check.png used on input line 209.
(pdftex.def)             Requested size: 9.03336pt x 9.03336pt.
File: check.png Graphic file (type png)
 <use check.png>
Package pdftex.def Info: check.png used on input line 209.
(pdftex.def)             Requested size: 9.03336pt x 9.03336pt.
File: check.png Graphic file (type png)
 <use check.png>
Package pdftex.def Info: check.png used on input line 209.
(pdftex.def)             Requested size: 9.03336pt x 9.03336pt.
File: check.png Graphic file (type png)
 <use check.png>
Package pdftex.def Info: check.png used on input line 209.
(pdftex.def)             Requested size: 9.03336pt x 9.03336pt.
File: check.png Graphic file (type png)

<use check.png>
Package pdftex.def Info: check.png used on input line 209.
(pdftex.def)             Requested size: 9.03336pt x 9.03336pt.
File: check.png Graphic file (type png)
 <use check.png>
Package pdftex.def Info: check.png used on input line 209.
(pdftex.def)             Requested size: 9.03336pt x 9.03336pt.
File: check.png Graphic file (type png)
 <use check.png>
Package pdftex.def Info: check.png used on input line 209.
(pdftex.def)             Requested size: 9.03336pt x 9.03336pt.
File: check.png Graphic file (type png)
 <use check.png>
Package pdftex.def Info: check.png used on input line 209.
(pdftex.def)             Requested size: 9.03336pt x 9.03336pt.
 [3 <./check.png> <./x.png>] [4] [5] <janela.jpg, id=29, 1106.63437pt x 195.731
25pt>
File: janela.jpg Graphic file (type jpg)

<use janela.jpg>
Package pdftex.def Info: janela.jpg used on input line 354.
(pdftex.def)             Requested size: 442.6459pt x 78.2911pt.

Overfull \hbox (15.85455pt too wide) in paragraph at lines 354--357
 [][] 
 []

<solucao.jpg, id=30, 864.98157pt x 332.74312pt>
File: solucao.jpg Graphic file (type jpg)
 <use solucao.jpg>
Package pdftex.def Info: solucao.jpg used on input line 373.
(pdftex.def)             Requested size: 354.64474pt x 136.42555pt.
 [6 <./janela.jpg> <./solucao.jpg>]
LaTeX Font Info:    Try loading font information for OT1+pcr on input line 410.

 (/usr/share/texlive/texmf-dist/tex/latex/psnfss/ot1pcr.fd
File: ot1pcr.fd 2001/06/04 font definitions for OT1/pcr.
) <evolucao_coleta.jpg, id=34, 1172.38pt x 558.085pt>
File: evolucao_coleta.jpg Graphic file (type jpg)

<use evolucao_coleta.jpg>
Package pdftex.def Info: evolucao_coleta.jpg used on input line 472.
(pdftex.def)             Requested size: 375.16927pt x 178.59085pt.
 Excluding 'comment' comment.
<memoria_copia.jpg, id=35, 1264.725pt x 614.295pt>
File: memoria_copia.jpg Graphic file (type jpg)
 <use memoria_copia.jpg>
Package pdftex.def Info: memoria_copia.jpg used on input line 567.
(pdftex.def)             Requested size: 379.42043pt x 184.28992pt.

Underfull \vbox (badness 4072) has occurred while \output is active []

 [7]
[8 <./evolucao_coleta.jpg> <./memoria_copia.jpg>] (./artigo-sbc.bbl [9])
[10] (./artigo-sbc.aux) ) 
Here is how much of TeX's memory you used:
 4657 strings out of 493304
 67897 string characters out of 6139871
 161290 words of memory out of 5000000
 8019 multiletter control sequences out of 15000+600000
 24252 words of font info for 49 fonts, out of 8000000 for 9000
 957 hyphenation exceptions out of 8191
 43i,16n,40p,661b,341s stack positions out of 5000i,500n,10000p,200000b,80000s
{/usr/share/texlive/texmf-dist/fonts/enc/dvips/base/8r
.enc}</usr/share/texlive/texmf-dist/fonts/type1/public/amsfonts/cm/cmr8.pfb></u
sr/share/texlive/texmf-dist/fonts/type1/urw/courier/ucrr8a.pfb></usr/share/texl
ive/texmf-dist/fonts/type1/urw/helvetic/uhvb8a.pfb></usr/share/texlive/texmf-di
st/fonts/type1/urw/times/utmb8a.pfb></usr/share/texlive/texmf-dist/fonts/type1/
urw/times/utmbi8a.pfb></usr/share/texlive/texmf-dist/fonts/type1/urw/times/utmr
8a.pfb></usr/share/texlive/texmf-dist/fonts/type1/urw/times/utmri8a.pfb>
Output written on artigo-sbc.pdf (10 pages, 681732 bytes).
PDF statistics:
 75 PDF objects out of 1000 (max. 8388607)
 47 compressed objects within 1 object stream
 0 named destinations out of 1000 (max. 500000)
 31 words of extra memory for PDF output out of 10000 (max. 10000000)

