This is pdfTeX, Version 3.1415926-2.5-1.40.14 (TeX Live 2013/Debian) (format=pdflatex 2016.3.10)  7 NOV 2019 21:39
entering extended mode
 restricted \write18 enabled.
 %&-line parsing enabled.
**artigo-bmc.tex
(./artigo-bmc.tex
LaTeX2e <2011/06/27>
Babel <3.9h> and hyphenation patterns for 78 languages loaded.
(./bmcart.cls
Document Class: bmcart 2014/01/24BioMed Central class (VS)
(/usr/share/texlive/texmf-dist/tex/latex/base/article.cls
Document Class: article 2007/10/19 v1.4h Standard LaTeX document class
(/usr/share/texlive/texmf-dist/tex/latex/base/size10.clo
File: size10.clo 2007/10/19 v1.4h Standard LaTeX file (size option)
)
\c@part=\count79
\c@section=\count80
\c@subsection=\count81
\c@subsubsection=\count82
\c@paragraph=\count83
\c@subparagraph=\count84
\c@figure=\count85
\c@table=\count86
\abovecaptionskip=\skip41
\belowcaptionskip=\skip42
\bibindent=\dimen102
)
\mathindent=\dimen103

(/usr/share/texlive/texmf-dist/tex/latex/graphics/keyval.sty
Package: keyval 1999/03/16 v1.13 key=value parser (DPC)
\KV@toks@=\toks14
)
(/usr/share/texmf/tex/latex/xcolor/xcolor.sty
Package: xcolor 2007/01/21 v2.11 LaTeX color extensions (UK)

(/usr/share/texlive/texmf-dist/tex/latex/latexconfig/color.cfg
File: color.cfg 2007/01/18 v1.5 color configuration of teTeX/TeXLive
)
Package xcolor Info: Driver file: pdftex.def on input line 225.

(/usr/share/texlive/texmf-dist/tex/latex/pdftex-def/pdftex.def
File: pdftex.def 2011/05/27 v0.06d Graphics/color for pdfTeX

(/usr/share/texlive/texmf-dist/tex/generic/oberdiek/infwarerr.sty
Package: infwarerr 2010/04/08 v1.3 Providing info/warning/error messages (HO)
)
(/usr/share/texlive/texmf-dist/tex/generic/oberdiek/ltxcmds.sty
Package: ltxcmds 2011/11/09 v1.22 LaTeX kernel commands for general use (HO)
)
\Gread@gobject=\count87
)
Package xcolor Info: Model `cmy' substituted by `cmy0' on input line 1337.
Package xcolor Info: Model `hsb' substituted by `rgb' on input line 1341.
Package xcolor Info: Model `RGB' extended on input line 1353.
Package xcolor Info: Model `HTML' substituted by `rgb' on input line 1355.
Package xcolor Info: Model `Hsb' substituted by `hsb' on input line 1356.
Package xcolor Info: Model `tHsb' substituted by `hsb' on input line 1357.
Package xcolor Info: Model `HSB' substituted by `hsb' on input line 1358.
Package xcolor Info: Model `Gray' substituted by `gray' on input line 1359.
Package xcolor Info: Model `wave' substituted by `hsb' on input line 1360.
)
(/usr/share/texlive/texmf-dist/tex/latex/lastpage/lastpage.sty
Package: lastpage 2013/01/28 v1.2l Refers to last page's name (HMM; JPG)
)
\c@thanks=\count88
\bmcfloat@box=\box26
\c@author=\count89
\c@address=\count90
\sv@mathsurround=\dimen104
\fm@box=\box27
\c@addressref=\count91
\thanks@box=\box28
\abstract@box=\box29
\authors@list=\toks15
\keywords@list=\toks16
)
(/usr/share/texlive/texmf-dist/tex/latex/base/inputenc.sty
Package: inputenc 2008/03/30 v1.1d Input encoding file
\inpenc@prehook=\toks17
\inpenc@posthook=\toks18

(/usr/share/texlive/texmf-dist/tex/latex/base/utf8.def
File: utf8.def 2008/04/05 v1.1m UTF-8 support for inputenc
Now handling font encoding OML ...
... no UTF-8 mapping file for font encoding OML
Now handling font encoding T1 ...
... processing UTF-8 mapping file for font encoding T1

(/usr/share/texlive/texmf-dist/tex/latex/base/t1enc.dfu
File: t1enc.dfu 2008/04/05 v1.1m UTF-8 support for inputenc
   defining Unicode char U+00A1 (decimal 161)
   defining Unicode char U+00A3 (decimal 163)
   defining Unicode char U+00AB (decimal 171)
   defining Unicode char U+00BB (decimal 187)
   defining Unicode char U+00BF (decimal 191)
   defining Unicode char U+00C0 (decimal 192)
   defining Unicode char U+00C1 (decimal 193)
   defining Unicode char U+00C2 (decimal 194)
   defining Unicode char U+00C3 (decimal 195)
   defining Unicode char U+00C4 (decimal 196)
   defining Unicode char U+00C5 (decimal 197)
   defining Unicode char U+00C6 (decimal 198)
   defining Unicode char U+00C7 (decimal 199)
   defining Unicode char U+00C8 (decimal 200)
   defining Unicode char U+00C9 (decimal 201)
   defining Unicode char U+00CA (decimal 202)
   defining Unicode char U+00CB (decimal 203)
   defining Unicode char U+00CC (decimal 204)
   defining Unicode char U+00CD (decimal 205)
   defining Unicode char U+00CE (decimal 206)
   defining Unicode char U+00CF (decimal 207)
   defining Unicode char U+00D0 (decimal 208)
   defining Unicode char U+00D1 (decimal 209)
   defining Unicode char U+00D2 (decimal 210)
   defining Unicode char U+00D3 (decimal 211)
   defining Unicode char U+00D4 (decimal 212)
   defining Unicode char U+00D5 (decimal 213)
   defining Unicode char U+00D6 (decimal 214)
   defining Unicode char U+00D8 (decimal 216)
   defining Unicode char U+00D9 (decimal 217)
   defining Unicode char U+00DA (decimal 218)
   defining Unicode char U+00DB (decimal 219)
   defining Unicode char U+00DC (decimal 220)
   defining Unicode char U+00DD (decimal 221)
   defining Unicode char U+00DE (decimal 222)
   defining Unicode char U+00DF (decimal 223)
   defining Unicode char U+00E0 (decimal 224)
   defining Unicode char U+00E1 (decimal 225)
   defining Unicode char U+00E2 (decimal 226)
   defining Unicode char U+00E3 (decimal 227)
   defining Unicode char U+00E4 (decimal 228)
   defining Unicode char U+00E5 (decimal 229)
   defining Unicode char U+00E6 (decimal 230)
   defining Unicode char U+00E7 (decimal 231)
   defining Unicode char U+00E8 (decimal 232)
   defining Unicode char U+00E9 (decimal 233)
   defining Unicode char U+00EA (decimal 234)
   defining Unicode char U+00EB (decimal 235)
   defining Unicode char U+00EC (decimal 236)
   defining Unicode char U+00ED (decimal 237)
   defining Unicode char U+00EE (decimal 238)
   defining Unicode char U+00EF (decimal 239)
   defining Unicode char U+00F0 (decimal 240)
   defining Unicode char U+00F1 (decimal 241)
   defining Unicode char U+00F2 (decimal 242)
   defining Unicode char U+00F3 (decimal 243)
   defining Unicode char U+00F4 (decimal 244)
   defining Unicode char U+00F5 (decimal 245)
   defining Unicode char U+00F6 (decimal 246)
   defining Unicode char U+00F8 (decimal 248)
   defining Unicode char U+00F9 (decimal 249)
   defining Unicode char U+00FA (decimal 250)
   defining Unicode char U+00FB (decimal 251)
   defining Unicode char U+00FC (decimal 252)
   defining Unicode char U+00FD (decimal 253)
   defining Unicode char U+00FE (decimal 254)
   defining Unicode char U+00FF (decimal 255)
   defining Unicode char U+0102 (decimal 258)
   defining Unicode char U+0103 (decimal 259)
   defining Unicode char U+0104 (decimal 260)
   defining Unicode char U+0105 (decimal 261)
   defining Unicode char U+0106 (decimal 262)
   defining Unicode char U+0107 (decimal 263)
   defining Unicode char U+010C (decimal 268)
   defining Unicode char U+010D (decimal 269)
   defining Unicode char U+010E (decimal 270)
   defining Unicode char U+010F (decimal 271)
   defining Unicode char U+0110 (decimal 272)
   defining Unicode char U+0111 (decimal 273)
   defining Unicode char U+0118 (decimal 280)
   defining Unicode char U+0119 (decimal 281)
   defining Unicode char U+011A (decimal 282)
   defining Unicode char U+011B (decimal 283)
   defining Unicode char U+011E (decimal 286)
   defining Unicode char U+011F (decimal 287)
   defining Unicode char U+0130 (decimal 304)
   defining Unicode char U+0131 (decimal 305)
   defining Unicode char U+0132 (decimal 306)
   defining Unicode char U+0133 (decimal 307)
   defining Unicode char U+0139 (decimal 313)
   defining Unicode char U+013A (decimal 314)
   defining Unicode char U+013D (decimal 317)
   defining Unicode char U+013E (decimal 318)
   defining Unicode char U+0141 (decimal 321)
   defining Unicode char U+0142 (decimal 322)
   defining Unicode char U+0143 (decimal 323)
   defining Unicode char U+0144 (decimal 324)
   defining Unicode char U+0147 (decimal 327)
   defining Unicode char U+0148 (decimal 328)
   defining Unicode char U+014A (decimal 330)
   defining Unicode char U+014B (decimal 331)
   defining Unicode char U+0150 (decimal 336)
   defining Unicode char U+0151 (decimal 337)
   defining Unicode char U+0152 (decimal 338)
   defining Unicode char U+0153 (decimal 339)
   defining Unicode char U+0154 (decimal 340)
   defining Unicode char U+0155 (decimal 341)
   defining Unicode char U+0158 (decimal 344)
   defining Unicode char U+0159 (decimal 345)
   defining Unicode char U+015A (decimal 346)
   defining Unicode char U+015B (decimal 347)
   defining Unicode char U+015E (decimal 350)
   defining Unicode char U+015F (decimal 351)
   defining Unicode char U+0160 (decimal 352)
   defining Unicode char U+0161 (decimal 353)
   defining Unicode char U+0162 (decimal 354)
   defining Unicode char U+0163 (decimal 355)
   defining Unicode char U+0164 (decimal 356)
   defining Unicode char U+0165 (decimal 357)
   defining Unicode char U+016E (decimal 366)
   defining Unicode char U+016F (decimal 367)
   defining Unicode char U+0170 (decimal 368)
   defining Unicode char U+0171 (decimal 369)
   defining Unicode char U+0178 (decimal 376)
   defining Unicode char U+0179 (decimal 377)
   defining Unicode char U+017A (decimal 378)
   defining Unicode char U+017B (decimal 379)
   defining Unicode char U+017C (decimal 380)
   defining Unicode char U+017D (decimal 381)
   defining Unicode char U+017E (decimal 382)
   defining Unicode char U+200C (decimal 8204)
   defining Unicode char U+2013 (decimal 8211)
   defining Unicode char U+2014 (decimal 8212)
   defining Unicode char U+2018 (decimal 8216)
   defining Unicode char U+2019 (decimal 8217)
   defining Unicode char U+201A (decimal 8218)
   defining Unicode char U+201C (decimal 8220)
   defining Unicode char U+201D (decimal 8221)
   defining Unicode char U+201E (decimal 8222)
   defining Unicode char U+2030 (decimal 8240)
   defining Unicode char U+2031 (decimal 8241)
   defining Unicode char U+2039 (decimal 8249)
   defining Unicode char U+203A (decimal 8250)
   defining Unicode char U+2423 (decimal 9251)
)
Now handling font encoding OT1 ...
... processing UTF-8 mapping file for font encoding OT1

(/usr/share/texlive/texmf-dist/tex/latex/base/ot1enc.dfu
File: ot1enc.dfu 2008/04/05 v1.1m UTF-8 support for inputenc
   defining Unicode char U+00A1 (decimal 161)
   defining Unicode char U+00A3 (decimal 163)
   defining Unicode char U+00B8 (decimal 184)
   defining Unicode char U+00BF (decimal 191)
   defining Unicode char U+00C5 (decimal 197)
   defining Unicode char U+00C6 (decimal 198)
   defining Unicode char U+00D8 (decimal 216)
   defining Unicode char U+00DF (decimal 223)
   defining Unicode char U+00E6 (decimal 230)
   defining Unicode char U+00EC (decimal 236)
   defining Unicode char U+00ED (decimal 237)
   defining Unicode char U+00EE (decimal 238)
   defining Unicode char U+00EF (decimal 239)
   defining Unicode char U+00F8 (decimal 248)
   defining Unicode char U+0131 (decimal 305)
   defining Unicode char U+0141 (decimal 321)
   defining Unicode char U+0142 (decimal 322)
   defining Unicode char U+0152 (decimal 338)
   defining Unicode char U+0153 (decimal 339)
   defining Unicode char U+2013 (decimal 8211)
   defining Unicode char U+2014 (decimal 8212)
   defining Unicode char U+2018 (decimal 8216)
   defining Unicode char U+2019 (decimal 8217)
   defining Unicode char U+201C (decimal 8220)
   defining Unicode char U+201D (decimal 8221)
)
Now handling font encoding OMS ...
... processing UTF-8 mapping file for font encoding OMS

(/usr/share/texlive/texmf-dist/tex/latex/base/omsenc.dfu
File: omsenc.dfu 2008/04/05 v1.1m UTF-8 support for inputenc
   defining Unicode char U+00A7 (decimal 167)
   defining Unicode char U+00B6 (decimal 182)
   defining Unicode char U+00B7 (decimal 183)
   defining Unicode char U+2020 (decimal 8224)
   defining Unicode char U+2021 (decimal 8225)
   defining Unicode char U+2022 (decimal 8226)
)
Now handling font encoding OMX ...
... no UTF-8 mapping file for font encoding OMX
Now handling font encoding U ...
... no UTF-8 mapping file for font encoding U
   defining Unicode char U+00A9 (decimal 169)
   defining Unicode char U+00AA (decimal 170)
   defining Unicode char U+00AE (decimal 174)
   defining Unicode char U+00BA (decimal 186)
   defining Unicode char U+02C6 (decimal 710)
   defining Unicode char U+02DC (decimal 732)
   defining Unicode char U+200C (decimal 8204)
   defining Unicode char U+2026 (decimal 8230)
   defining Unicode char U+2122 (decimal 8482)
   defining Unicode char U+2423 (decimal 9251)
))
(/usr/share/texlive/texmf-dist/tex/latex/multirow/multirow.sty
\bigstrutjot=\dimen105
)
(/usr/share/texlive/texmf-dist/tex/latex/adjustbox/adjustbox.sty
Package: adjustbox 2012/05/21 v1.0 Adjusting TeX boxes (trim, clip, ...)

(/usr/share/texlive/texmf-dist/tex/latex/xkeyval/xkeyval.sty
Package: xkeyval 2012/10/14 v2.6b package option processing (HA)

(/usr/share/texlive/texmf-dist/tex/generic/xkeyval/xkeyval.tex
\XKV@toks=\toks19
\XKV@tempa@toks=\toks20
\XKV@depth=\count92
File: xkeyval.tex 2012/10/14 v2.6b key=value parser (HA)
))
(/usr/share/texlive/texmf-dist/tex/latex/adjustbox/adjcalc.sty
Package: adjcalc 2012/05/16 v1.1 Provides advanced setlength with multiple back
-ends (calc, etex, pgfmath)
)
(/usr/share/texlive/texmf-dist/tex/latex/adjustbox/trimclip.sty
Package: trimclip 2012/05/16 v1.0 Trim and clip general TeX material

(/usr/share/texlive/texmf-dist/tex/latex/graphics/graphicx.sty
Package: graphicx 1999/02/16 v1.0f Enhanced LaTeX Graphics (DPC,SPQR)

(/usr/share/texlive/texmf-dist/tex/latex/graphics/graphics.sty
Package: graphics 2009/02/05 v1.0o Standard LaTeX Graphics (DPC,SPQR)

(/usr/share/texlive/texmf-dist/tex/latex/graphics/trig.sty
Package: trig 1999/03/16 v1.09 sin cos tan (DPC)
)
(/usr/share/texlive/texmf-dist/tex/latex/latexconfig/graphics.cfg
File: graphics.cfg 2010/04/23 v1.9 graphics configuration of TeX Live
)
Package graphics Info: Driver file: pdftex.def on input line 91.
)
\Gin@req@height=\dimen106
\Gin@req@width=\dimen107
)
(/usr/share/texlive/texmf-dist/tex/latex/collectbox/collectbox.sty
Package: collectbox 2012/05/17 v0.4b Collect macro arguments as boxes
\collectedbox=\box30
)
\tc@llx=\dimen108
\tc@lly=\dimen109
\tc@urx=\dimen110
\tc@ury=\dimen111
Package trimclip Info: Using driver 'tc-pdftex.def'.

(/usr/share/texlive/texmf-dist/tex/latex/adjustbox/tc-pdftex.def
File: tc-pdftex.def 2012/05/13 v1.0 Clipping driver for pdftex
))
\adjbox@Width=\dimen112
\adjbox@Height=\dimen113
\adjbox@Depth=\dimen114
\adjbox@Totalheight=\dimen115

(/usr/share/texlive/texmf-dist/tex/latex/ifoddpage/ifoddpage.sty
Package: ifoddpage 2011/09/13 v1.0 Conditionals for odd/even page detection
\c@checkoddpage=\count93
)
(/usr/share/texlive/texmf-dist/tex/latex/varwidth/varwidth.sty
Package: varwidth 2009/03/30 ver 0.92;  Variable-width minipages
\@vwid@box=\box31
\sift@deathcycles=\count94
\@vwid@loff=\dimen116
\@vwid@roff=\dimen117
))
(/usr/share/texlive/texmf-dist/tex/latex/tools/multicol.sty
Package: multicol 2011/06/27 v1.7a multicolumn formatting (FMi)
\c@tracingmulticols=\count95
\mult@box=\box32
\multicol@leftmargin=\dimen118
\c@unbalance=\count96
\c@collectmore=\count97
\doublecol@number=\count98
\multicoltolerance=\count99
\multicolpretolerance=\count100
\full@width=\dimen119
\page@free=\dimen120
\premulticols=\dimen121
\postmulticols=\dimen122
\multicolsep=\skip43
\multicolbaselineskip=\skip44
\partial@page=\box33
\last@line=\box34
\mult@rightbox=\box35
\mult@grightbox=\box36
\mult@gfirstbox=\box37
\mult@firstbox=\box38
\@tempa=\box39
\@tempa=\box40
\@tempa=\box41
\@tempa=\box42
\@tempa=\box43
\@tempa=\box44
\@tempa=\box45
\@tempa=\box46
\@tempa=\box47
\@tempa=\box48
\@tempa=\box49
\@tempa=\box50
\@tempa=\box51
\@tempa=\box52
\@tempa=\box53
\@tempa=\box54
\@tempa=\box55
\c@columnbadness=\count101
\c@finalcolumnbadness=\count102
\last@try=\dimen123
\multicolovershoot=\dimen124
\multicolundershoot=\dimen125
\mult@nat@firstbox=\box56
\colbreak@box=\box57
\multicol@sort@counter=\count103
)
(/usr/share/texlive/texmf-dist/tex/latex/url/url.sty
\Urlmuskip=\muskip10
Package: url 2013/09/16  ver 3.4  Verb mode for urls, etc.
)
(/usr/share/texlive/texmf-dist/tex/latex/enumitem/enumitem.sty
Package: enumitem 2011/09/28 v3.5.2 Customized lists
\labelindent=\skip45
\enit@outerparindent=\dimen126
\enit@toks=\toks21
\enit@inbox=\box58
\enitdp@description=\count104
)
(/usr/share/texlive/texmf-dist/tex/latex/comment/comment.sty
\CommentStream=\write3

Excluding comment 'comment')
(/usr/share/texlive/texmf-dist/tex/latex/tools/array.sty
Package: array 2008/09/09 v2.4c Tabular extension package (FMi)
\col@sep=\dimen127
\extrarowheight=\dimen128
\NC@list=\toks22
\extratabsurround=\skip46
\backup@length=\skip47
) (./artigo-bmc.aux)
\openout1 = `artigo-bmc.aux'.

LaTeX Font Info:    Checking defaults for OML/cmm/m/it on input line 122.
LaTeX Font Info:    ... okay on input line 122.
LaTeX Font Info:    Checking defaults for T1/cmr/m/n on input line 122.
LaTeX Font Info:    ... okay on input line 122.
LaTeX Font Info:    Checking defaults for OT1/cmr/m/n on input line 122.
LaTeX Font Info:    ... okay on input line 122.
LaTeX Font Info:    Checking defaults for OMS/cmsy/m/n on input line 122.
LaTeX Font Info:    ... okay on input line 122.
LaTeX Font Info:    Checking defaults for OMX/cmex/m/n on input line 122.
LaTeX Font Info:    ... okay on input line 122.
LaTeX Font Info:    Checking defaults for U/cmr/m/n on input line 122.
LaTeX Font Info:    ... okay on input line 122.

(/usr/share/texlive/texmf-dist/tex/context/base/supp-pdf.mkii
[Loading MPS to PDF converter (version 2006.09.02).]
\scratchcounter=\count105
\scratchdimen=\dimen129
\scratchbox=\box59
\nofMPsegments=\count106
\nofMParguments=\count107
\everyMPshowfont=\toks23
\MPscratchCnt=\count108
\MPscratchDim=\dimen130
\MPnumerator=\count109
\makeMPintoPDFobject=\count110
\everyMPtoPDFconversion=\toks24
)
Package lastpage Info: Please have a look at the pageslts package at
(lastpage)             http://www.ctan.org/tex-archive/ 
(lastpage)             macros/latex/contrib/pageslts/ 
(lastpage)             or
(lastpage)             http://www.ctan.org/tex-archive/ 
(lastpage)             install/macros/latex/contrib/pageslts.tds.zip
(lastpage)             ! on input line 122.
 (/usr/share/texlive/texmf-dist/tex/generic/oberdiek/pdftexcmds.sty
Package: pdftexcmds 2011/11/29 v0.20 Utility functions of pdfTeX for LuaTeX (HO
)

(/usr/share/texlive/texmf-dist/tex/generic/oberdiek/ifluatex.sty
Package: ifluatex 2010/03/01 v1.3 Provides the ifluatex switch (HO)
Package ifluatex Info: LuaTeX not detected.
)
(/usr/share/texlive/texmf-dist/tex/generic/oberdiek/ifpdf.sty
Package: ifpdf 2011/01/30 v2.3 Provides the ifpdf switch (HO)
Package ifpdf Info: pdfTeX in PDF mode is detected.
)
Package pdftexcmds Info: LuaTeX not detected.
Package pdftexcmds Info: \pdf@primitive is available.
Package pdftexcmds Info: \pdf@ifprimitive is available.
Package pdftexcmds Info: \pdfdraftmode found.
)
(/usr/share/texlive/texmf-dist/tex/latex/oberdiek/epstopdf-base.sty
Package: epstopdf-base 2010/02/09 v2.5 Base part for package epstopdf

(/usr/share/texlive/texmf-dist/tex/latex/oberdiek/grfext.sty
Package: grfext 2010/08/19 v1.1 Manage graphics extensions (HO)

(/usr/share/texlive/texmf-dist/tex/generic/oberdiek/kvdefinekeys.sty
Package: kvdefinekeys 2011/04/07 v1.3 Define keys (HO)
))
(/usr/share/texlive/texmf-dist/tex/latex/oberdiek/kvoptions.sty
Package: kvoptions 2011/06/30 v3.11 Key value format for package options (HO)

(/usr/share/texlive/texmf-dist/tex/generic/oberdiek/kvsetkeys.sty
Package: kvsetkeys 2012/04/25 v1.16 Key value parser (HO)

(/usr/share/texlive/texmf-dist/tex/generic/oberdiek/etexcmds.sty
Package: etexcmds 2011/02/16 v1.5 Avoid name clashes with e-TeX commands (HO)
Package etexcmds Info: Could not find \expanded.
(etexcmds)             That can mean that you are not using pdfTeX 1.50 or
(etexcmds)             that some package has redefined \expanded.
(etexcmds)             In the latter case, load this package earlier.
)))
Package grfext Info: Graphics extension search list:
(grfext)             [.png,.pdf,.jpg,.mps,.jpeg,.jbig2,.jb2,.PNG,.PDF,.JPG,.JPE
G,.JBIG2,.JB2,.eps]
(grfext)             \AppendGraphicsExtensions on input line 452.

(/usr/share/texlive/texmf-dist/tex/latex/latexconfig/epstopdf-sys.cfg
File: epstopdf-sys.cfg 2010/07/13 v1.3 Configuration of (r)epstopdf for TeX Liv
e
))

LaTeX Font Warning: Font shape `OT1/cmss/bx/n' in size <13> not available
(Font)              size <12> substituted on input line 128.


LaTeX Font Warning: Font shape `OT1/cmss/m/n' in size <24> not available
(Font)              size <24.88> substituted on input line 136.

LaTeX Font Info:    Calculating math sizes for size <11> on input line 157.

LaTeX Font Warning: Font shape `OT1/cmr/m/n' in size <5.5> not available
(Font)              size <5> substituted on input line 157.


LaTeX Font Warning: Font shape `OML/cmm/m/it' in size <5.5> not available
(Font)              size <5> substituted on input line 157.


LaTeX Font Warning: Font shape `OMS/cmsy/m/n' in size <5.5> not available
(Font)              size <5> substituted on input line 157.

LaTeX Font Info:    External font `cmex10' loaded for size
(Font)              <11> on input line 157.
LaTeX Font Info:    External font `cmex10' loaded for size
(Font)              <7.69997> on input line 157.
LaTeX Font Info:    External font `cmex10' loaded for size
(Font)              <5.5> on input line 157.
\address@aff1=\toks25
LaTeX Font Info:    External font `cmex10' loaded for size
(Font)              <7> on input line 196.
LaTeX Font Info:    External font `cmex10' loaded for size
(Font)              <5> on input line 196.

LaTeX Warning: Citation `Morsy_Cloud_Security:2010' on page 1 undefined on inpu
t line 283.


LaTeX Warning: Citation `Bash_Adv_in_Forensics:2015' on page 1 undefined on inp
ut line 300.


LaTeX Warning: Citation `Dykstra_Acquiring_for_IAAS:2012' on page 1 undefined o
n input line 306.


LaTeX Warning: Citation `Rahman_Live_Forensics_Techniques:2015' on page 1 undef
ined on input line 314.


LaTeX Font Warning: Font shape `OT1/cmss/m/it' in size <8> not available
(Font)              Font shape `OT1/cmss/m/sl' tried instead on input line 315.



Overfull \hbox (1.0pt too wide) has occurred while \output is active
 [] 
 []

[1{/var/lib/texmf/fonts/map/pdftex/updmap/pdftex.map}

]

LaTeX Warning: Citation `Dykstra_FROST:2013' on page 2 undefined on input line 
321.


LaTeX Warning: Citation `Reichert_Auto_acquisition:2015' on page 2 undefined on
 input line 321.


LaTeX Warning: Citation `George_DF2CE:2012' on page 2 undefined on input line 3
23.


LaTeX Warning: Citation `Sang_Log_approach:2013' on page 2 undefined on input l
ine 323.


LaTeX Warning: Citation `Case_Memory_Forensics:2014' on page 2 undefined on inp
ut line 341.


LaTeX Warning: Citation `Vomel_Memory_Acquisition:2013' on page 2 undefined on 
input line 341.


LaTeX Warning: Citation `Case_Memory_Forensics:2014' on page 2 undefined on inp
ut line 341.


LaTeX Warning: Citation `NIST2011' on page 2 undefined on input line 359.


LaTeX Warning: Citation `NIST2011' on page 2 undefined on input line 361.

[2]

LaTeX Warning: Citation `Diamanti:2018' on page 3 undefined on input line 366.


LaTeX Warning: Citation `container-survey:2016' on page 3 undefined on input li
ne 370.


LaTeX Warning: Citation `Diamanti:2018' on page 3 undefined on input line 374.


LaTeX Warning: Citation `Case_Memory_Forensics:2014' on page 3 undefined on inp
ut line 385.

LaTeX Font Info:    Try loading font information for OMS+cmr on input line 390.

(/usr/share/texlive/texmf-dist/tex/latex/base/omscmr.fd
File: omscmr.fd 1999/05/25 v2.5h Standard LaTeX font definitions
)
LaTeX Font Info:    Font shape `OMS/cmr/m/n' in size <10> not available
(Font)              Font shape `OMS/cmsy/m/n' tried instead on input line 390.


LaTeX Warning: Citation `Miller_Remote_Library_Injection:2004' on page 3 undefi
ned on input line 390.


LaTeX Warning: Citation `inline-hooking:2008' on page 3 undefined on input line
 397.


LaTeX Warning: Citation `reflective-lib-injection:2008' on page 3 undefined on 
input line 402.

[3]

LaTeX Warning: Citation `Quick_Increase_Volume_Impact:2014' on page 4 undefined
 on input line 433.


LaTeX Warning: Citation `Quick_Increase_Volume_Impact:2014' on page 4 undefined
 on input line 437.


LaTeX Warning: Citation `Dezfouli_Backup_approach:2012' on page 4 undefined on 
input line 443.


LaTeX Warning: Citation `Sang_Log_approach:2013' on page 4 undefined on input l
ine 443.


LaTeX Warning: Citation `VanBaar_FAAS:2014' on page 4 undefined on input line 4
43.


LaTeX Warning: Citation `Dezfouli_Backup_approach:2012' on page 4 undefined on 
input line 447.


LaTeX Warning: Citation `Sang_Log_approach:2013' on page 4 undefined on input l
ine 449.


LaTeX Warning: Citation `VanBaar_FAAS:2014' on page 4 undefined on input line 4
53.


LaTeX Warning: Citation `Simou_Cloud_Chlng:2014' on page 4 undefined on input l
ine 480.

[4]

LaTeX Warning: Citation `Sang_Log_approach:2013' on page 5 undefined on input l
ine 485.


LaTeX Warning: Citation `VanBaar_FAAS:2014' on page 5 undefined on input line 4
85.


LaTeX Warning: Citation `Sang_Log_approach:2013' on page 5 undefined on input l
ine 487.


LaTeX Warning: Citation `VanBaar_FAAS:2014' on page 5 undefined on input line 4
91.


LaTeX Warning: Citation `Reichert_Auto_acquisition:2015' on page 5 undefined on
 input line 523.


LaTeX Warning: Citation `George_DF2CE:2012' on page 5 undefined on input line 5
23.


LaTeX Warning: Citation `Poisel_VMI:2013' on page 5 undefined on input line 523
.


LaTeX Warning: Citation `Dykstra_FROST:2013' on page 5 undefined on input line 
523.


LaTeX Warning: Citation `Sang_Log_approach:2013' on page 5 undefined on input l
ine 525.


LaTeX Warning: Citation `George_DF2CE:2012' on page 5 undefined on input line 5
25.


LaTeX Warning: Citation `Clarke_Review_of_Challenges:2015' on page 5 undefined 
on input line 529.

[5]

LaTeX Warning: Citation `cloud_checkpointing_2015' on page 6 undefined on input
 line 582.


LaTeX Warning: Citation `Rafique_Static_Live_Digital_Forensics:2013' on page 6 
undefined on input line 586.

[6]

LaTeX Warning: Citation `DierksT2008' on page 7 undefined on input line 616.


LaTeX Warning: Citation `UnixManPages_numa_maps' on page 7 undefined on input l
ine 637.

[7] [8] [9]
No file artigo-bmc.bbl.
<janela_ieee-eng.pdf, id=41, 361.35pt x 294.13892pt>
File: janela_ieee-eng.pdf Graphic file (type pdf)
 <use janela_ieee-eng.pdf>
Package pdftex.def Info: janela_ieee-eng.pdf used on input line 828.
(pdftex.def)             Requested size: 361.34912pt x 294.13818pt.

<solucao-eng-small.pdf, id=42, 568.04218pt x 154.6578pt>
File: solucao-eng-small.pdf Graphic file (type pdf)

<use solucao-eng-small.pdf>
Package pdftex.def Info: solucao-eng-small.pdf used on input line 837.
(pdftex.def)             Requested size: 568.04079pt x 154.65741pt.

<evolucao_coleta_ieee.pdf, id=43, 602.25pt x 372.39125pt>
File: evolucao_coleta_ieee.pdf Graphic file (type pdf)

<use evolucao_coleta_ieee.pdf>
Package pdftex.def Info: evolucao_coleta_ieee.pdf used on input line 846.
(pdftex.def)             Requested size: 602.24852pt x 372.39034pt.

<memoria_copia_ieee.pdf, id=44, 602.25pt x 372.39125pt>
File: memoria_copia_ieee.pdf Graphic file (type pdf)

<use memoria_copia_ieee.pdf>
Package pdftex.def Info: memoria_copia_ieee.pdf used on input line 855.
(pdftex.def)             Requested size: 602.24852pt x 372.39034pt.

<evidencia_download_ieee.pdf, id=45, 602.25pt x 372.39125pt>
File: evidencia_download_ieee.pdf Graphic file (type pdf)

<use evidencia_download_ieee.pdf>
Package pdftex.def Info: evidencia_download_ieee.pdf used on input line 864.
(pdftex.def)             Requested size: 602.24852pt x 372.39034pt.

<comando-copia-memoria-gdb.pdf, id=46, 586.10968pt x 100.45529pt>
File: comando-copia-memoria-gdb.pdf Graphic file (type pdf)

<use comando-copia-memoria-gdb.pdf>
Package pdftex.def Info: comando-copia-memoria-gdb.pdf used on input line 873.
(pdftex.def)             Requested size: 234.43971pt x 40.1814pt.

<antes-injecao.pdf, id=47, 420.61137pt x 269.08528pt>
File: antes-injecao.pdf Graphic file (type pdf)
 <use antes-injecao.pdf>
Package pdftex.def Info: antes-injecao.pdf used on input line 882.
(pdftex.def)             Requested size: 252.36877pt x 161.45241pt.

<apos-injecao.pdf, id=48, 384.47638pt x 348.34138pt>
File: apos-injecao.pdf Graphic file (type pdf)
 <use apos-injecao.pdf>
Package pdftex.def Info: apos-injecao.pdf used on input line 891.
(pdftex.def)             Requested size: 384.47543pt x 348.34053pt.

<conteudo-memoria-copia-gdb.pdf, id=49, 470.7186pt x 319.1925pt>
File: conteudo-memoria-copia-gdb.pdf Graphic file (type pdf)

<use conteudo-memoria-copia-gdb.pdf>
Package pdftex.def Info: conteudo-memoria-copia-gdb.pdf used on input line 900.

(pdftex.def)             Requested size: 254.18425pt x 172.36137pt.
LaTeX Font Info:    External font `cmex10' loaded for size
(Font)              <8> on input line 922.
LaTeX Font Info:    External font `cmex10' loaded for size
(Font)              <6> on input line 922.

Overfull \hbox (3.77156pt too wide) in paragraph at lines 926--927
 []|[]| 
 []

<check.png, id=50, 602.25pt x 602.25pt>
File: check.png Graphic file (type png)
 <use check.png>
Package pdftex.def Info: check.png used on input line 929.
(pdftex.def)             Requested size: 9.03336pt x 9.03336pt.
File: check.png Graphic file (type png)
 <use check.png>
Package pdftex.def Info: check.png used on input line 929.
(pdftex.def)             Requested size: 9.03336pt x 9.03336pt.
File: check.png Graphic file (type png)

<use check.png>
Package pdftex.def Info: check.png used on input line 929.
(pdftex.def)             Requested size: 9.03336pt x 9.03336pt.
File: check.png Graphic file (type png)
 <use check.png>
Package pdftex.def Info: check.png used on input line 929.
(pdftex.def)             Requested size: 9.03336pt x 9.03336pt.


LaTeX Warning: Citation `George_DF2CE:2012' on page 10 undefined on input line 
930.

<x.png, id=52, 1027.84pt x 1027.84pt>
File: x.png Graphic file (type png)
 <use x.png>
Package pdftex.def Info: x.png used on input line 930.
(pdftex.def)             Requested size: 7.19875pt x 7.19875pt.
File: x.png Graphic file (type png)
 <use x.png>
Package pdftex.def Info: x.png used on input line 930.
(pdftex.def)             Requested size: 7.19875pt x 7.19875pt.
File: x.png Graphic file (type png)
 <use x.png>
Package pdftex.def Info: x.png used on input line 930.
(pdftex.def)             Requested size: 7.19875pt x 7.19875pt.
File: check.png Graphic file (type png)

<use check.png>
Package pdftex.def Info: check.png used on input line 930.
(pdftex.def)             Requested size: 9.03336pt x 9.03336pt.


LaTeX Warning: Citation `Poisel_VMI:2013' on page 10 undefined on input line 93
1.

File: x.png Graphic file (type png)
<use x.png>
Package pdftex.def Info: x.png used on input line 931.
(pdftex.def)             Requested size: 7.19875pt x 7.19875pt.
File: x.png Graphic file (type png)
 <use x.png>
Package pdftex.def Info: x.png used on input line 931.
(pdftex.def)             Requested size: 7.19875pt x 7.19875pt.
File: x.png Graphic file (type png)
 <use x.png>
Package pdftex.def Info: x.png used on input line 931.
(pdftex.def)             Requested size: 7.19875pt x 7.19875pt.
File: check.png Graphic file (type png)
 <use check.png>
Package pdftex.def Info: check.png used on input line 931.
(pdftex.def)             Requested size: 9.03336pt x 9.03336pt.


LaTeX Warning: Citation `Dykstra_FROST:2013' on page 10 undefined on input line
 932.

File: x.png Graphic file (type png)
<use x.png>
Package pdftex.def Info: x.png used on input line 932.
(pdftex.def)             Requested size: 7.19875pt x 7.19875pt.
File: x.png Graphic file (type png)
 <use x.png>
Package pdftex.def Info: x.png used on input line 932.
(pdftex.def)             Requested size: 7.19875pt x 7.19875pt.
File: x.png Graphic file (type png)
 <use x.png>
Package pdftex.def Info: x.png used on input line 932.
(pdftex.def)             Requested size: 7.19875pt x 7.19875pt.
File: check.png Graphic file (type png)
 <use check.png>
Package pdftex.def Info: check.png used on input line 932.
(pdftex.def)             Requested size: 9.03336pt x 9.03336pt.


LaTeX Warning: Citation `Reichert_Auto_acquisition:2015' on page 10 undefined o
n input line 934.

File: x.png Graphic file (type png)
<use x.png>
Package pdftex.def Info: x.png used on input line 934.
(pdftex.def)             Requested size: 7.19875pt x 7.19875pt.
File: check.png Graphic file (type png)
 <use check.png>
Package pdftex.def Info: check.png used on input line 934.
(pdftex.def)             Requested size: 9.03336pt x 9.03336pt.
File: x.png Graphic file (type png)
 <use x.png>
Package pdftex.def Info: x.png used on input line 934.
(pdftex.def)             Requested size: 7.19875pt x 7.19875pt.
File: check.png Graphic file (type png)
 <use check.png>
Package pdftex.def Info: check.png used on input line 934.
(pdftex.def)             Requested size: 9.03336pt x 9.03336pt.


LaTeX Warning: Citation `Sang_Log_approach:2013' on page 10 undefined on input 
line 935.

File: check.png Graphic file (type png)
<use check.png>
Package pdftex.def Info: check.png used on input line 935.
(pdftex.def)             Requested size: 9.03336pt x 9.03336pt.
File: check.png Graphic file (type png)
 <use check.png>
Package pdftex.def Info: check.png used on input line 935.
(pdftex.def)             Requested size: 9.03336pt x 9.03336pt.
File: x.png Graphic file (type png)
 <use x.png>
Package pdftex.def Info: x.png used on input line 935.
(pdftex.def)             Requested size: 7.19875pt x 7.19875pt.
File: check.png Graphic file (type png)
 <use check.png>
Package pdftex.def Info: check.png used on input line 935.
(pdftex.def)             Requested size: 9.03336pt x 9.03336pt.


LaTeX Warning: Citation `Dolan-Gavitt_Semantic_Gap:2011' on page 10 undefined o
n input line 936.

File: x.png Graphic file (type png)
<use x.png>
Package pdftex.def Info: x.png used on input line 936.
(pdftex.def)             Requested size: 7.19875pt x 7.19875pt.
File: x.png Graphic file (type png)
 <use x.png>
Package pdftex.def Info: x.png used on input line 936.
(pdftex.def)             Requested size: 7.19875pt x 7.19875pt.
File: x.png Graphic file (type png)
 <use x.png>
Package pdftex.def Info: x.png used on input line 936.
(pdftex.def)             Requested size: 7.19875pt x 7.19875pt.
File: check.png Graphic file (type png)
 <use check.png>
Package pdftex.def Info: check.png used on input line 936.
(pdftex.def)             Requested size: 9.03336pt x 9.03336pt.


LaTeX Warning: Citation `Aljaedi_Comparative:2011' on page 10 undefined on inpu
t line 937.

File: x.png Graphic file (type png)
<use x.png>
Package pdftex.def Info: x.png used on input line 937.
(pdftex.def)             Requested size: 7.19875pt x 7.19875pt.
File: x.png Graphic file (type png)
 <use x.png>
Package pdftex.def Info: x.png used on input line 937.
(pdftex.def)             Requested size: 7.19875pt x 7.19875pt.
File: x.png Graphic file (type png)
 <use x.png>
Package pdftex.def Info: x.png used on input line 937.
(pdftex.def)             Requested size: 7.19875pt x 7.19875pt.
File: check.png Graphic file (type png)
 <use check.png>
Package pdftex.def Info: check.png used on input line 937.
(pdftex.def)             Requested size: 9.03336pt x 9.03336pt.


LaTeX Warning: Citation `Dezfouli_Backup_approach:2012' on page 10 undefined on
 input line 938.

File: check.png Graphic file (type png)
<use check.png>
Package pdftex.def Info: check.png used on input line 938.
(pdftex.def)             Requested size: 9.03336pt x 9.03336pt.
File: x.png Graphic file (type png)
 <use x.png>
Package pdftex.def Info: x.png used on input line 938.
(pdftex.def)             Requested size: 7.19875pt x 7.19875pt.
File: x.png Graphic file (type png)
 <use x.png>
Package pdftex.def Info: x.png used on input line 938.
(pdftex.def)             Requested size: 7.19875pt x 7.19875pt.
File: check.png Graphic file (type png)
 <use check.png>
Package pdftex.def Info: check.png used on input line 938.
(pdftex.def)             Requested size: 9.03336pt x 9.03336pt.


LaTeX Warning: Citation `VanBaar_FAAS:2014' on page 10 undefined on input line 
939.

File: check.png Graphic file (type png)
<use check.png>
Package pdftex.def Info: check.png used on input line 939.
(pdftex.def)             Requested size: 9.03336pt x 9.03336pt.
File: check.png Graphic file (type png)
 <use check.png>
Package pdftex.def Info: check.png used on input line 939.
(pdftex.def)             Requested size: 9.03336pt x 9.03336pt.
File: x.png Graphic file (type png)
 <use x.png>
Package pdftex.def Info: x.png used on input line 939.
(pdftex.def)             Requested size: 7.19875pt x 7.19875pt.
File: check.png Graphic file (type png)
 <use check.png>
Package pdftex.def Info: check.png used on input line 939.
(pdftex.def)             Requested size: 9.03336pt x 9.03336pt.


LaTeX Warning: `!h' float specifier changed to `!ht'.


AED: lastpage setting LastPage
[10 <./janela_ieee-eng.pdf

pdfTeX warning: /usr/bin/pdflatex (file ./janela_ieee-eng.pdf): PDF inclusion: 
invalid other resource which is no dict (key 'ProcSets', type <array>); ignored
.
> <./solucao-eng-small.pdf

pdfTeX warning: /usr/bin/pdflatex (file ./solucao-eng-small.pdf): PDF inclusion
: invalid other resource which is no dict (key 'ProcSets', type <array>); ignor
ed.
>] [11 <./evolucao_coleta_ieee.pdf> <./memoria_copia_ieee.pdf

pdfTeX warning: /usr/bin/pdflatex (file ./memoria_copia_ieee.pdf): PDF inclusio
n: multiple pdfs with page group included in a single page
> <./evidencia_download_ieee.pdf

pdfTeX warning: /usr/bin/pdflatex (file ./evidencia_download_ieee.pdf): PDF inc
lusion: multiple pdfs with page group included in a single page
>] [12 <./comando-copia-memoria-gdb.pdf

pdfTeX warning: /usr/bin/pdflatex (file ./comando-copia-memoria-gdb.pdf): PDF i
nclusion: invalid other resource which is no dict (key 'ProcSets', type <array>
); ignored.
> <./antes-injecao.pdf

pdfTeX warning: /usr/bin/pdflatex (file ./antes-injecao.pdf): PDF inclusion: in
valid other resource which is no dict (key 'ProcSets', type <array>); ignored.
> <./apos-injecao.pdf

pdfTeX warning: /usr/bin/pdflatex (file ./apos-injecao.pdf): PDF inclusion: inv
alid other resource which is no dict (key 'ProcSets', type <array>); ignored.
>] [13 <./conteudo-memoria-copia-gdb.pdf

pdfTeX warning: /usr/bin/pdflatex (file ./conteudo-memoria-copia-gdb.pdf): PDF 
inclusion: invalid other resource which is no dict (key 'ProcSets', type <array
>); ignored.
> <./check.png> <./x.png>] (./artigo-bmc.aux)

LaTeX Font Warning: Size substitutions with differences
(Font)              up to 1.0pt have occurred.


LaTeX Warning: There were undefined references.


LaTeX Warning: Label(s) may have changed. Rerun to get cross-references right.

 ) 
Here is how much of TeX's memory you used:
 4155 strings out of 493304
 58923 string characters out of 6139871
 142879 words of memory out of 5000000
 7522 multiletter control sequences out of 15000+600000
 11160 words of font info for 39 fonts, out of 8000000 for 9000
 957 hyphenation exceptions out of 8191
 38i,16n,56p,532b,446s stack positions out of 5000i,500n,10000p,200000b,80000s
</usr/share/texlive/texmf-dist/fonts/type1/public/amsfonts/cm/cmbx10.pfb></us
r/share/texlive/texmf-dist/fonts/type1/public/amsfonts/cm/cmbx8.pfb></usr/share
/texlive/texmf-dist/fonts/type1/public/amsfonts/cm/cmmi10.pfb></usr/share/texli
ve/texmf-dist/fonts/type1/public/amsfonts/cm/cmr10.pfb></usr/share/texlive/texm
f-dist/fonts/type1/public/amsfonts/cm/cmss10.pfb></usr/share/texlive/texmf-dist
/fonts/type1/public/amsfonts/cm/cmss17.pfb></usr/share/texlive/texmf-dist/fonts
/type1/public/amsfonts/cm/cmss8.pfb></usr/share/texlive/texmf-dist/fonts/type1/
public/amsfonts/cm/cmssbx10.pfb></usr/share/texlive/texmf-dist/fonts/type1/publ
ic/amsfonts/cm/cmsy10.pfb></usr/share/texlive/texmf-dist/fonts/type1/public/ams
fonts/cm/cmti10.pfb></usr/share/texlive/texmf-dist/fonts/type1/public/amsfonts/
cm/cmtt10.pfb>
Output written on artigo-bmc.pdf (13 pages, 426186 bytes).
PDF statistics:
 219 PDF objects out of 1000 (max. 8388607)
 148 compressed objects within 2 object streams
 0 named destinations out of 1000 (max. 500000)
 56 words of extra memory for PDF output out of 10000 (max. 10000000)

